Watching for file changes with StatReloader
Waiting for apps ready_event.
Apps ready_event triggered. Sending autoreload_started signal.
Watching dir C:\Python39\testEnv\hello_django\locale with glob **/*.mo.
(0.000) 
            SELECT name, type FROM sqlite_master
            WHERE type in ('table', 'view') AND NOT name='sqlite_sequence'
            ORDER BY name; args=None
File C:\Python39\Lib\site-packages\django\contrib\staticfiles\views.py first seen with mtime 1622012636.4978225
File C:\Python39\Lib\email\parser.py first seen with mtime 1620034494.0
File C:\Python39\Lib\unittest\loader.py first seen with mtime 1620034496.0
File C:\Python39\Lib\unittest\util.py first seen with mtime 1620034496.0
File C:\Python39\Lib\site-packages\django\db\models\signals.py first seen with mtime 1622012636.6898196
File C:\Python39\DLLs\_queue.pyd first seen with mtime 1620034544.0
File C:\Python39\Lib\site-packages\django\contrib\messages\storage\__init__.py first seen with mtime 1622012635.499845
File C:\Python39\Lib\asyncio\constants.py first seen with mtime 1620034494.0
File C:\Python39\Lib\site-packages\django\utils\safestring.py first seen with mtime 1622012636.8778372
File C:\Python39\Lib\site-packages\django\db\models\__init__.py first seen with mtime 1622012636.6743524
File C:\Python39\Lib\site-packages\django\dispatch\dispatcher.py first seen with mtime 1622012636.7167475
File C:\Python39\Lib\urllib\response.py first seen with mtime 1620034496.0
File C:\Python39\Lib\site-packages\django\db\migrations\migration.py first seen with mtime 1622012636.661385
File C:\Python39\Lib\site-packages\django\contrib\auth\validators.py first seen with mtime 1622012634.029188
File C:\Python39\Lib\site-packages\sqlparse\cli.py first seen with mtime 1622012631.1585994
File C:\Python39\Lib\site-packages\django\core\checks\templates.py first seen with mtime 1622012636.5297372
File C:\Python39\Lib\site-packages\django\contrib\admin\templatetags\admin_modify.py first seen with mtime 1622012633.7419548
File C:\Python39\Lib\site-packages\django\db\models\functions\text.py first seen with mtime 1622012636.7057774
File C:\Python39\Lib\email\base64mime.py first seen with mtime 1620034494.0
File C:\Python39\Lib\site-packages\sqlparse\formatter.py first seen with mtime 1622012631.1635742
File C:\Python39\Lib\site-packages\django\utils\cache.py first seen with mtime 1622012636.8459225
File C:\Python39\Lib\site-packages\django\db\models\fields\__init__.py first seen with mtime 1622012636.6918144
File C:\Python39\Lib\site-packages\django\views\decorators\csrf.py first seen with mtime 1622012636.8992908
File C:\Python39\Lib\site-packages\django\core\handlers\asgi.py first seen with mtime 1622012636.5456944
File C:\Python39\Lib\site-packages\django\contrib\admin\views\__init__.py first seen with mtime 1622012633.745944
File C:\Python39\Lib\site-packages\django\contrib\admin\decorators.py first seen with mtime 1622012633.053176
File C:\Python39\Lib\concurrent\futures\_base.py first seen with mtime 1620034494.0
File C:\Python39\Lib\site-packages\django\core\checks\model_checks.py first seen with mtime 1622012636.5277443
File C:\Python39\Lib\site-packages\django\template\exceptions.py first seen with mtime 1622012636.80204
File C:\Python39\Lib\site-packages\django\utils\translation\trans_real.py first seen with mtime 1622012636.8903148
File C:\Python39\Lib\site-packages\django\contrib\contenttypes\apps.py first seen with mtime 1622012634.3882277
File C:\Python39\Lib\site-packages\django\db\backends\sqlite3\operations.py first seen with mtime 1622012636.649417
File C:\Python39\Lib\site-packages\django\db\migrations\exceptions.py first seen with mtime 1622012636.655405
File C:\Python39\Lib\site-packages\django\utils\topological_sort.py first seen with mtime 1622012636.881827
File C:\Python39\Lib\site-packages\django\utils\timesince.py first seen with mtime 1622012636.8798323
File C:\Python39\Lib\nturl2path.py first seen with mtime 1620034494.0
File C:\Python39\Lib\site-packages\django\db\models\fields\files.py first seen with mtime 1622012636.6928122
File C:\Python39\Lib\unittest\suite.py first seen with mtime 1620034496.0
File C:\Python39\Lib\site-packages\django\db\models\functions\__init__.py first seen with mtime 1622012636.7007902
File C:\Python39\Lib\bisect.py first seen with mtime 1620034494.0
File C:\Python39\Lib\site-packages\django\contrib\auth\apps.py first seen with mtime 1622012634.00924
File C:\Python39\Lib\wsgiref\headers.py first seen with mtime 1620034496.0
File C:\Python39\Lib\site-packages\django\core\files\uploadedfile.py first seen with mtime 1622012636.5427022
File C:\Python39\Lib\site-packages\django\contrib\admin\widgets.py first seen with mtime 1622012633.068135
File C:\Python39\Lib\site-packages\django\template\response.py first seen with mtime 1622012636.8060298
File C:\Python39\Lib\site-packages\django\contrib\staticfiles\management\commands\__init__.py first seen with mtime 1622012636.4988196
File C:\Python39\Lib\site-packages\django\core\checks\database.py first seen with mtime 1622012636.5257485
File C:\Python39\Lib\site-packages\django\core\files\temp.py first seen with mtime 1622012636.541705
File C:\Python39\Lib\site-packages\django\core\management\color.py first seen with mtime 1622012636.5616527
File C:\Python39\Lib\site-packages\django\views\generic\edit.py first seen with mtime 1622012636.9072695
File C:\Python39\Lib\lzma.py first seen with mtime 1620034494.0
File C:\Python39\Lib\site-packages\django\db\models\constraints.py first seen with mtime 1622012636.6783416
File C:\Python39\Lib\email\_policybase.py first seen with mtime 1620034494.0
File C:\Python39\Lib\site-packages\django\core\files\images.py first seen with mtime 1622012636.537716
File C:\Python39\Lib\concurrent\futures\thread.py first seen with mtime 1620034494.0
File C:\Python39\Lib\encodings\aliases.py first seen with mtime 1620034494.0
File C:\Python39\Lib\signal.py first seen with mtime 1620034494.0
File C:\Python39\Lib\asyncio\queues.py first seen with mtime 1620034494.0
File C:\Python39\Lib\site-packages\django\apps\registry.py first seen with mtime 1622012632.5988784
File C:\Python39\Lib\types.py first seen with mtime 1620034496.0
File C:\Python39\Lib\site-packages\django\db\backends\base\introspection.py first seen with mtime 1622012636.6105244
File C:\Python39\Lib\site-packages\django\utils\deconstruct.py first seen with mtime 1622012636.8539028
File C:\Python39\Lib\html\__init__.py first seen with mtime 1620034494.0
File C:\Python39\Lib\site-packages\django\db\models\enums.py first seen with mtime 1622012636.6803343
File C:\Python39\DLLs\_socket.pyd first seen with mtime 1620034544.0
File C:\Python39\Lib\site-packages\django\utils\html.py first seen with mtime 1622012636.866875
File C:\Python39\Lib\site-packages\django\contrib\__init__.py first seen with mtime 1622012633.0471907
File C:\Python39\Lib\site-packages\django\db\models\fields\json.py first seen with mtime 1622012636.6938088
File C:\Python39\Lib\site-packages\django\db\models\query_utils.py first seen with mtime 1622012636.6888225
File C:\Python39\Lib\unittest\signals.py first seen with mtime 1620034496.0
File C:\Python39\Lib\site-packages\django\db\backends\signals.py first seen with mtime 1622012636.6035397
File C:\Python39\Lib\site-packages\asgiref\local.py first seen with mtime 1622012632.4004107
File C:\Python39\Lib\site-packages\django\contrib\admin\templatetags\admin_urls.py first seen with mtime 1622012633.7429519
File C:\Python39\Lib\site-packages\django\core\cache\backends\filebased.py first seen with mtime 1622012636.5177689
File C:\Python39\Lib\site-packages\django\utils\lorem_ipsum.py first seen with mtime 1622012636.8738482
File C:\Python39\Lib\site-packages\django\db\backends\base\validation.py first seen with mtime 1622012636.613513
File C:\Python39\Lib\unittest\__init__.py first seen with mtime 1620034496.0
File C:\Python39\Lib\site-packages\django\db\backends\__init__.py first seen with mtime 1622012636.6015449
File C:\Python39\Lib\argparse.py first seen with mtime 1620034494.0
File C:\Python39\Lib\ssl.py first seen with mtime 1620034494.0
File C:\Python39\Lib\site-packages\django\core\exceptions.py first seen with mtime 1622012636.5067985
File C:\Python39\Lib\site-packages\django\core\checks\security\__init__.py first seen with mtime 1622012636.5327294
File C:\Python39\Lib\email\quoprimime.py first seen with mtime 1620034494.0
File C:\Python39\Lib\site-packages\django\contrib\sites\__init__.py first seen with mtime 1622012636.2019672
File C:\Python39\Lib\site-packages\django\core\checks\registry.py first seen with mtime 1622012636.5287404
File C:\Python39\Lib\site-packages\django\db\models\fields\related_lookups.py first seen with mtime 1622012636.6987953
File C:\Python39\Lib\site-packages\django\db\models\options.py first seen with mtime 1622012636.68583
File C:\Python39\Lib\site-packages\django\core\cache\backends\__init__.py first seen with mtime 1622012636.5137794
File C:\Python39\Lib\site-packages\django\views\debug.py first seen with mtime 1622012636.893309
File C:\Python39\Lib\site-packages\django\template\library.py first seen with mtime 1622012636.803038
File C:\Python39\Lib\site-packages\django\db\models\utils.py first seen with mtime 1622012636.6898196
File C:\Python39\Lib\email\header.py first seen with mtime 1620034494.0
File C:\Python39\Lib\site-packages\django\templatetags\i18n.py first seen with mtime 1622012636.8219864
File C:\Python39\Lib\site-packages\django\urls\exceptions.py first seen with mtime 1622012636.8379438
File C:\Python39\Lib\site-packages\django\db\models\expressions.py first seen with mtime 1622012636.6813316
File C:\Python39\Lib\sre_compile.py first seen with mtime 1620034494.0
File C:\Python39\Lib\site-packages\django\db\migrations\operations\models.py first seen with mtime 1622012636.6713622
File C:\Python39\Lib\site-packages\django\contrib\admin\templatetags\base.py first seen with mtime 1622012633.7439504
File C:\Python39\Lib\traceback.py first seen with mtime 1620034496.0
File C:\Python39\testEnv\hello_django\manage.py first seen with mtime 1622012715.9034677
File C:\Python39\Lib\site-packages\sqlparse\utils.py first seen with mtime 1622012631.169557
File C:\Python39\Lib\email\_parseaddr.py first seen with mtime 1620034494.0
File C:\Python39\Lib\site-packages\django\urls\converters.py first seen with mtime 1622012636.8369472
File C:\Python39\Lib\site-packages\django\db\models\sql\query.py first seen with mtime 1622012636.7127583
File C:\Python39\Lib\site-packages\django\contrib\auth\signals.py first seen with mtime 1622012634.0271943
File C:\Python39\Lib\importlib\machinery.py first seen with mtime 1620034494.0
File C:\Python39\Lib\site-packages\django\contrib\contenttypes\fields.py first seen with mtime 1622012634.3912213
File C:\Python39\Lib\site-packages\django\contrib\auth\__init__.py first seen with mtime 1622012634.0062482
File C:\Python39\Lib\site-packages\django\db\transaction.py first seen with mtime 1622012636.6005478
File C:\Python39\Lib\site-packages\django\db\__init__.py first seen with mtime 1622012636.5995505
File C:\Python39\Lib\urllib\request.py first seen with mtime 1620034496.0
File C:\Python39\Lib\site-packages\django\forms\forms.py first seen with mtime 1622012636.7227318
File C:\Python39\Lib\site-packages\django\core\serializers\json.py first seen with mtime 1622012636.5925689
File C:\Python39\Lib\email\charset.py first seen with mtime 1620034494.0
File C:\Python39\Lib\site-packages\django\db\models\indexes.py first seen with mtime 1622012636.6823287
File C:\Python39\Lib\sre_parse.py first seen with mtime 1620034494.0
File C:\Python39\Lib\site-packages\django\templatetags\tz.py first seen with mtime 1622012636.8249803
File C:\Python39\Lib\site-packages\sqlparse\filters\tokens.py first seen with mtime 1622012631.1825223
File C:\Python39\Lib\wsgiref\util.py first seen with mtime 1620034496.0
File C:\Python39\Lib\site-packages\django\core\checks\security\csrf.py first seen with mtime 1622012636.5347245
File C:\Python39\Lib\site-packages\django\db\backends\sqlite3\introspection.py first seen with mtime 1622012636.6484196
File C:\Python39\Lib\enum.py first seen with mtime 1620034494.0
File C:\Python39\Lib\site-packages\django\contrib\admin\templatetags\__init__.py first seen with mtime 1622012633.7399602
File C:\Python39\Lib\site-packages\django\contrib\auth\password_validation.py first seen with mtime 1622012634.0251992
File C:\Python39\Lib\site-packages\django\template\smartif.py first seen with mtime 1622012636.8070266
File C:\Python39\Lib\site-packages\django\db\models\query.py first seen with mtime 1622012636.6878264
File C:\Python39\Lib\site-packages\sqlparse\filters\reindent.py first seen with mtime 1622012631.1795313
File C:\Python39\Lib\email\contentmanager.py first seen with mtime 1620034494.0
File C:\Python39\Lib\site-packages\django\core\wsgi.py first seen with mtime 1622012636.511785
File C:\Python39\Lib\sre_constants.py first seen with mtime 1620034494.0
File C:\Python39\Lib\_sitebuiltins.py first seen with mtime 1620034494.0
File C:\Python39\Lib\re.py first seen with mtime 1620034494.0
File C:\Python39\Lib\site-packages\django\contrib\admin\templatetags\admin_list.py first seen with mtime 1622012633.7409575
File C:\Python39\Lib\site-packages\django\template\defaultfilters.py first seen with mtime 1622012636.799048
File C:\Python39\testEnv\hello_django\hello_django\settings.py first seen with mtime 1622076017.8062754
File C:\Python39\Lib\inspect.py first seen with mtime 1620034494.0
File C:\Python39\Lib\encodings\utf_8.py first seen with mtime 1620034494.0
File C:\Python39\Lib\site-packages\django\utils\translation\reloader.py first seen with mtime 1622012636.8873231
File C:\Python39\Lib\site-packages\django\forms\widgets.py first seen with mtime 1622012636.7307105
File C:\Python39\Lib\site-packages\django\utils\encoding.py first seen with mtime 1622012636.8618808
File C:\Python39\Lib\json\scanner.py first seen with mtime 1620034494.0
File C:\Python39\Lib\site-packages\django\utils\_os.py first seen with mtime 1622012636.8409357
File C:\Python39\Lib\email\mime\base.py first seen with mtime 1620034494.0
File C:\Python39\Lib\site-packages\django\contrib\admin\views\autocomplete.py first seen with mtime 1622012633.7469416
File C:\Python39\Lib\site-packages\django\http\response.py first seen with mtime 1622012636.7835686
File C:\Python39\Lib\copy.py first seen with mtime 1620034494.0
File C:\Python39\Lib\linecache.py first seen with mtime 1620034494.0
File C:\Python39\Lib\datetime.py first seen with mtime 1620034494.0
File C:\Python39\Lib\site-packages\django\contrib\contenttypes\checks.py first seen with mtime 1622012634.390224
File C:\Python39\Lib\site-packages\django\db\backends\base\features.py first seen with mtime 1622012636.6095235
File C:\Python39\Lib\email\mime\message.py first seen with mtime 1620034494.0
File C:\Python39\Lib\email\__init__.py first seen with mtime 1620034494.0
File C:\Python39\Lib\site-packages\django\templatetags\l10n.py first seen with mtime 1622012636.8229842
File C:\Python39\Lib\site-packages\django\core\management\commands\__init__.py first seen with mtime 1622012636.5656414
File C:\Python39\Lib\site-packages\django\utils\hashable.py first seen with mtime 1622012636.86587
File C:\Python39\Lib\email\headerregistry.py first seen with mtime 1620034494.0
File C:\Python39\Lib\site-packages\django\contrib\sessions\apps.py first seen with mtime 1622012635.9486456
File C:\Python39\Lib\site-packages\sqlparse\filters\output.py first seen with mtime 1622012631.178534
File C:\Python39\Lib\site-packages\django\utils\baseconv.py first seen with mtime 1622012636.844925
File C:\Python39\DLLs\_ctypes.pyd first seen with mtime 1620034544.0
File C:\Python39\Lib\site-packages\django\template\defaulttags.py first seen with mtime 1622012636.8000453
File C:\Python39\Lib\site-packages\django\contrib\staticfiles\management\__init__.py first seen with mtime 1622012636.4978225
File C:\Python39\Lib\functools.py first seen with mtime 1620034494.0
File C:\Python39\Lib\site-packages\django\forms\renderers.py first seen with mtime 1622012636.7287157
File C:\Python39\Lib\asyncio\proactor_events.py first seen with mtime 1620034494.0
File C:\Python39\Lib\urllib\parse.py first seen with mtime 1620034496.0
File C:\Python39\Lib\copyreg.py first seen with mtime 1620034494.0
File C:\Python39\Lib\site-packages\django\utils\datastructures.py first seen with mtime 1622012636.8489149
File C:\Python39\Lib\site-packages\django\contrib\admin\__init__.py first seen with mtime 1622012633.0481877
File C:\Python39\Lib\wsgiref\__init__.py first seen with mtime 1620034496.0
File C:\Python39\Lib\site-packages\django\db\utils.py first seen with mtime 1622012636.6015449
File C:\Python39\Lib\site-packages\django\db\backends\base\creation.py first seen with mtime 1622012636.6085262
File C:\Python39\Lib\site-packages\django\urls\base.py first seen with mtime 1622012636.834952
File C:\Python39\Lib\site-packages\django\views\generic\base.py first seen with mtime 1622012636.905275
File C:\Python39\Lib\site-packages\django\db\models\sql\datastructures.py first seen with mtime 1622012636.7107637
File C:\Python39\Lib\site-packages\django\db\models\functions\window.py first seen with mtime 1622012636.706774
File C:\Python39\Lib\encodings\latin_1.py first seen with mtime 1620034494.0
File C:\Python39\Lib\asyncio\windows_utils.py first seen with mtime 1620034494.0
File C:\Python39\Lib\site-packages\django\views\static.py first seen with mtime 1622012636.8953013
File C:\Python39\Lib\site-packages\django\template\loaders\base.py first seen with mtime 1622012636.8160021
File C:\Python39\Lib\site-packages\django\core\checks\messages.py first seen with mtime 1622012636.5267448
File C:\Python39\Lib\site-packages\django\core\handlers\exception.py first seen with mtime 1622012636.5476887
File C:\Python39\Lib\site-packages\django\contrib\contenttypes\models.py first seen with mtime 1622012634.3932166
File C:\Python39\Lib\site-packages\django\urls\resolvers.py first seen with mtime 1622012636.838941
File C:\Python39\Lib\site-packages\sqlparse\__init__.py first seen with mtime 1622012631.1546042
File C:\Python39\Lib\site-packages\django\middleware\csrf.py first seen with mtime 1622012636.7890842
File C:\Python39\Lib\site-packages\django\contrib\auth\backends.py first seen with mtime 1622012634.0102372
File C:\Python39\Lib\site-packages\django\views\decorators\cache.py first seen with mtime 1622012636.8972962
File C:\Python39\Lib\site-packages\django\middleware\cache.py first seen with mtime 1622012636.785086
File C:\Python39\Lib\getpass.py first seen with mtime 1620034494.0
File C:\Python39\Lib\site-packages\django\utils\ipv6.py first seen with mtime 1622012636.8708565
File C:\Python39\Lib\site-packages\django\utils\log.py first seen with mtime 1622012636.8728507
File C:\Python39\DLLs\_bz2.pyd first seen with mtime 1620034544.0
File C:\Python39\Lib\abc.py first seen with mtime 1620034494.0
File C:\Python39\Lib\site-packages\django\contrib\admin\actions.py first seen with mtime 1622012633.0491853
File C:\Python39\Lib\site-packages\django\contrib\auth\models.py first seen with mtime 1622012634.0232053
File C:\Python39\Lib\glob.py first seen with mtime 1620034494.0
File C:\Python39\Lib\asyncio\format_helpers.py first seen with mtime 1620034494.0
File C:\Python39\Lib\site-packages\django\utils\deprecation.py first seen with mtime 1622012636.8589003
File C:\Python39\Lib\site-packages\django\utils\decorators.py first seen with mtime 1622012636.8558998
File C:\Python39\Lib\importlib\abc.py first seen with mtime 1620034494.0
File C:\Python39\Lib\site-packages\sqlparse\engine\grouping.py first seen with mtime 1622012631.1735754
File C:\Python39\Lib\site-packages\django\core\checks\async_checks.py first seen with mtime 1622012636.5217595
File C:\Python39\Lib\site-packages\django\core\files\base.py first seen with mtime 1622012636.536719
File C:\Python39\Lib\heapq.py first seen with mtime 1620034494.0
File C:\Python39\Lib\contextlib.py first seen with mtime 1620034494.0
File C:\Python39\DLLs\_sqlite3.pyd first seen with mtime 1620034544.0
File C:\Python39\Lib\html\entities.py first seen with mtime 1620034494.0
File C:\Python39\Lib\cgi.py first seen with mtime 1620034494.0
File C:\Python39\Lib\email\mime\nonmultipart.py first seen with mtime 1620034494.0
File C:\Python39\Lib\asyncio\base_events.py first seen with mtime 1620034494.0
File C:\Python39\Lib\site-packages\django\apps\config.py first seen with mtime 1622012632.5968835
File C:\Python39\Lib\site-packages\django\template\engine.py first seen with mtime 1622012636.8010426
File C:\Python39\Lib\asyncio\__init__.py first seen with mtime 1620034494.0
File C:\Python39\Lib\site-packages\django\core\mail\message.py first seen with mtime 1622012636.5506814
File C:\Python39\Lib\site-packages\django\views\__init__.py first seen with mtime 1622012636.8913121
File C:\Python39\Lib\site-packages\django\views\decorators\debug.py first seen with mtime 1622012636.900288
File C:\Python39\Lib\email\iterators.py first seen with mtime 1620034494.0
File C:\Python39\Lib\site-packages\django\core\cache\__init__.py first seen with mtime 1622012636.5127823
File C:\Python39\Lib\site-packages\django\core\serializers\python.py first seen with mtime 1622012636.5945637
File C:\Python39\Lib\site-packages\django\urls\conf.py first seen with mtime 1622012636.8359492
File C:\Python39\Lib\importlib\__init__.py first seen with mtime 1620034494.0
File C:\Python39\Lib\email\utils.py first seen with mtime 1620034494.0
File C:\Python39\Lib\site-packages\pytz\tzinfo.py first seen with mtime 1622012631.596026
File C:\Python39\Lib\site-packages\django\contrib\sessions\__init__.py first seen with mtime 1622012635.9476526
File C:\Python39\Lib\_weakrefset.py first seen with mtime 1620034494.0
File C:\Python39\Lib\quopri.py first seen with mtime 1620034494.0
File C:\Python39\Lib\urllib\error.py first seen with mtime 1620034496.0
File C:\Python39\Lib\asyncio\selector_events.py first seen with mtime 1620034494.0
File C:\Python39\Lib\site-packages\django\contrib\auth\middleware.py first seen with mtime 1622012634.0202115
File C:\Python39\Lib\site-packages\django\contrib\staticfiles\__init__.py first seen with mtime 1622012636.489844
File C:\Python39\Lib\site-packages\django\db\backends\sqlite3\creation.py first seen with mtime 1622012636.646425
File C:\Python39\Lib\site-packages\django\contrib\contenttypes\views.py first seen with mtime 1622012634.3942137
File C:\Python39\Lib\site-packages\django\core\serializers\base.py first seen with mtime 1622012636.5915716
File C:\Python39\Lib\site-packages\django\http\request.py first seen with mtime 1622012636.7825718
File C:\Python39\Lib\logging\config.py first seen with mtime 1620034494.0
File C:\Python39\Lib\site-packages\django\forms\formsets.py first seen with mtime 1622012636.7257307
File C:\Python39\Lib\site-packages\django\contrib\admin\utils.py first seen with mtime 1622012633.0671375
File C:\Python39\Lib\fractions.py first seen with mtime 1620034494.0
File C:\Python39\Lib\email\policy.py first seen with mtime 1620034494.0
File C:\Python39\Lib\site-packages\django\core\paginator.py first seen with mtime 1622012636.5077956
File C:\Python39\Lib\site-packages\django\conf\locale\__init__.py first seen with mtime 1622012632.610846
File C:\Python39\Lib\site-packages\django\template\loader.py first seen with mtime 1622012636.8040352
File C:\Python39\Lib\collections\abc.py first seen with mtime 1620034494.0
File C:\Python39\Lib\uu.py first seen with mtime 1620034496.0
File C:\Python39\Lib\unittest\case.py first seen with mtime 1620034496.0
File C:\Python39\Lib\asyncio\trsock.py first seen with mtime 1620034494.0
File C:\Python39\Lib\_compat_pickle.py first seen with mtime 1620034494.0
File C:\Python39\Lib\hmac.py first seen with mtime 1620034494.0
File C:\Python39\Lib\string.py first seen with mtime 1620034494.0
File C:\Python39\Lib\reprlib.py first seen with mtime 1620034494.0
File C:\Python39\DLLs\_uuid.pyd first seen with mtime 1620034544.0
File C:\Python39\Lib\site-packages\django\core\handlers\wsgi.py first seen with mtime 1622012636.5486865
File C:\Python39\Lib\site-packages\django\utils\translation\__init__.py first seen with mtime 1622012636.8863258
File C:\Python39\Lib\site-packages\pytz\__init__.py first seen with mtime 1622012631.5910387
File C:\Python39\Lib\asyncio\sslproto.py first seen with mtime 1620034494.0
File C:\Python39\Lib\site-packages\django\utils\inspect.py first seen with mtime 1622012636.8698595
File C:\Python39\Lib\site-packages\django\core\servers\basehttp.py first seen with mtime 1622012636.5985527
File C:\Python39\Lib\asyncio\transports.py first seen with mtime 1620034494.0
File C:\Python39\Lib\site-packages\django\template\loader_tags.py first seen with mtime 1622012636.805032
File C:\Python39\Lib\site-packages\django\template\backends\base.py first seen with mtime 1622012636.8100185
File C:\Python39\Lib\locale.py first seen with mtime 1620034494.0
File C:\Python39\Lib\site-packages\django\forms\__init__.py first seen with mtime 1622012636.7187421
File C:\Python39\Lib\_collections_abc.py first seen with mtime 1620034494.0
File C:\Python39\Lib\site-packages\django\views\decorators\common.py first seen with mtime 1622012636.8982937
File C:\Python39\Lib\site-packages\django\db\backends\base\base.py first seen with mtime 1622012636.6065319
File C:\Python39\Lib\collections\__init__.py first seen with mtime 1620034494.0
File C:\Python39\Lib\site-packages\django\contrib\auth\base_user.py first seen with mtime 1622012634.0112345
File C:\Python39\Lib\site.py first seen with mtime 1620034494.0
File C:\Python39\Lib\site-packages\django\contrib\admin\apps.py first seen with mtime 1622012633.0501833
File C:\Python39\Lib\site-packages\django\contrib\contenttypes\management\__init__.py first seen with mtime 1622012634.6211147
File C:\Python39\Lib\socket.py first seen with mtime 1620034494.0
File C:\Python39\Lib\posixpath.py first seen with mtime 1620034494.0
File C:\Python39\Lib\site-packages\sqlparse\filters\aligned_indent.py first seen with mtime 1622012631.1765394
File C:\Python39\Lib\pathlib.py first seen with mtime 1620034494.0
File C:\Python39\Lib\site-packages\sqlparse\keywords.py first seen with mtime 1622012631.164573
File C:\Python39\Lib\site-packages\django\contrib\staticfiles\finders.py first seen with mtime 1622012636.4918392
File C:\Python39\Lib\site-packages\django\utils\duration.py first seen with mtime 1622012636.8608837
File C:\Python39\Lib\io.py first seen with mtime 1620034494.0
File C:\Python39\Lib\site-packages\django\db\models\fields\related_descriptors.py first seen with mtime 1622012636.697798
File C:\Python39\Lib\site-packages\django\utils\dates.py first seen with mtime 1622012636.8509097
File C:\Python39\Lib\site-packages\django\templatetags\static.py first seen with mtime 1622012636.8239918
File C:\Python39\Lib\urllib\__init__.py first seen with mtime 1620034496.0
File C:\Python39\Lib\site-packages\django\template\base.py first seen with mtime 1622012636.796057
File C:\Python39\Lib\site-packages\django\core\cache\utils.py first seen with mtime 1622012636.5127823
File C:\Python39\DLLs\_asyncio.pyd first seen with mtime 1620034544.0
File C:\Python39\Lib\site-packages\django\core\files\locks.py first seen with mtime 1622012636.5387137
File C:\Python39\Lib\site-packages\django\utils\itercompat.py first seen with mtime 1622012636.871861
File C:\Python39\Lib\_markupbase.py first seen with mtime 1620034494.0
File C:\Python39\Lib\site-packages\asgiref\current_thread_executor.py first seen with mtime 1622012632.3994145
File C:\Python39\Lib\secrets.py first seen with mtime 1620034494.0
File C:\Python39\Lib\calendar.py first seen with mtime 1620034494.0
File C:\Python39\Lib\token.py first seen with mtime 1620034496.0
File C:\Python39\Lib\site-packages\django\db\backends\base\__init__.py first seen with mtime 1622012636.6055343
File C:\Python39\Lib\site-packages\django\utils\numberformat.py first seen with mtime 1622012636.875843
File C:\Python39\Lib\ctypes\__init__.py first seen with mtime 1620034494.0
File C:\Python39\testEnv\hello_django\hello_django\urls.py first seen with mtime 1622075982.8962138
File C:\Python39\DLLs\unicodedata.pyd first seen with mtime 1620034546.0
File C:\Python39\Lib\site-packages\django\contrib\contenttypes\forms.py first seen with mtime 1622012634.3922184
File C:\Python39\DLLs\select.pyd first seen with mtime 1620034546.0
File C:\Python39\Lib\site-packages\django\contrib\staticfiles\utils.py first seen with mtime 1622012636.496825
File C:\Python39\Lib\_compression.py first seen with mtime 1620034494.0
File C:\Python39\Lib\site-packages\django\contrib\auth\forms.py first seen with mtime 1622012634.0162213
File C:\Python39\Lib\site-packages\django\contrib\staticfiles\management\commands\runserver.py first seen with mtime 1622012636.5018148
File C:\Python39\Lib\operator.py first seen with mtime 1620034494.0
File C:\Python39\Lib\site-packages\django\contrib\messages\constants.py first seen with mtime 1622012635.495855
File C:\Python39\Lib\site-packages\django\views\generic\dates.py first seen with mtime 1622012636.9062726
File C:\Python39\Lib\weakref.py first seen with mtime 1620034496.0
File C:\Python39\Lib\email\mime\multipart.py first seen with mtime 1620034494.0
File C:\Python39\Lib\bz2.py first seen with mtime 1620034494.0
File C:\Python39\Lib\site-packages\django\template\__init__.py first seen with mtime 1622012636.7940612
File C:\Python39\Lib\site-packages\django\db\migrations\__init__.py first seen with mtime 1622012636.651412
File C:\Python39\Lib\site-packages\django\templatetags\__init__.py first seen with mtime 1622012636.8199925
File C:\Python39\Lib\_bootlocale.py first seen with mtime 1620034494.0
File C:\Python39\Lib\email\errors.py first seen with mtime 1620034494.0
File C:\Python39\Lib\site-packages\django\contrib\admin\filters.py first seen with mtime 1622012633.058162
File C:\Python39\Lib\site-packages\django\contrib\sessions\models.py first seen with mtime 1622012635.9526367
File C:\Python39\Lib\encodings\__init__.py first seen with mtime 1620034494.0
File C:\Python39\Lib\email\mime\text.py first seen with mtime 1620034494.0
File C:\Python39\Lib\site-packages\django\core\checks\urls.py first seen with mtime 1622012636.5307345
File C:\Python39\Lib\http\cookies.py first seen with mtime 1620034494.0
File C:\Python39\Lib\site-packages\django\contrib\auth\checks.py first seen with mtime 1622012634.0122318
File C:\Python39\Lib\site-packages\django\db\backends\sqlite3\base.py first seen with mtime 1622012636.6454275
File C:\Python39\Lib\site-packages\django\dispatch\__init__.py first seen with mtime 1622012636.7157502
File C:\Python39\Lib\site-packages\django\contrib\auth\hashers.py first seen with mtime 1622012634.0182166
File C:\Python39\Lib\site-packages\django\contrib\staticfiles\apps.py first seen with mtime 1622012636.4908414
File C:\Python39\testEnv\hello_django\hello_django\__init__.py first seen with mtime 1622012716.0111785
File C:\Python39\Lib\os.py first seen with mtime 1620034494.0
File C:\Python39\Lib\uuid.py first seen with mtime 1620034496.0
File C:\Python39\Lib\email\mime\__init__.py first seen with mtime 1620034494.0
File C:\Python39\Lib\site-packages\django\db\migrations\operations\base.py first seen with mtime 1622012636.6693642
File C:\Python39\Lib\site-packages\django\utils\text.py first seen with mtime 1622012636.8788345
File C:\Python39\Lib\site-packages\django\apps\__init__.py first seen with mtime 1622012632.595886
File C:\Python39\Lib\site-packages\django\forms\utils.py first seen with mtime 1622012636.7297132
File C:\Python39\Lib\site-packages\django\template\backends\django.py first seen with mtime 1622012636.8110168
File C:\Python39\Lib\socketserver.py first seen with mtime 1620034494.0
File C:\Python39\Lib\asyncio\subprocess.py first seen with mtime 1620034494.0
File C:\Python39\Lib\subprocess.py first seen with mtime 1620034494.0
File C:\Python39\Lib\site-packages\django\contrib\messages\__init__.py first seen with mtime 1622012635.4928632
File C:\Python39\Lib\site-packages\django\utils\functional.py first seen with mtime 1622012636.8648727
File C:\Python39\DLLs\_lzma.pyd first seen with mtime 1620034546.0
File C:\Python39\Lib\site-packages\django\conf\__init__.py first seen with mtime 1622012632.600873
File C:\Python39\Lib\site-packages\sqlparse\engine\filter_stack.py first seen with mtime 1622012631.1725569
File C:\Python39\Lib\encodings\cp950.py first seen with mtime 1620034494.0
File C:\Python39\Lib\site-packages\django\utils\__init__.py first seen with mtime 1622012636.8399389
File C:\Python39\Lib\site-packages\django\views\i18n.py first seen with mtime 1622012636.8943043
File C:\Python39\Lib\codecs.py first seen with mtime 1620034494.0
File C:\Python39\Lib\site-packages\django\db\models\base.py first seen with mtime 1622012636.677344
File C:\Python39\Lib\site-packages\django\contrib\messages\api.py first seen with mtime 1622012635.4938612
File C:\Python39\Lib\site-packages\django\core\signing.py first seen with mtime 1622012636.5097902
File C:\Python39\Lib\site-packages\django\core\signals.py first seen with mtime 1622012636.5087929
File C:\Python39\Lib\site-packages\django\contrib\sessions\middleware.py first seen with mtime 1622012635.951638
File C:\Python39\Lib\site-packages\django\core\checks\__init__.py first seen with mtime 1622012636.5207622
File C:\Python39\Lib\site-packages\django\contrib\auth\tokens.py first seen with mtime 1622012634.02819
File C:\Python39\Lib\fnmatch.py first seen with mtime 1620034494.0
File C:\Python39\Lib\site-packages\django\core\__init__.py first seen with mtime 1622012636.5048041
File C:\Python39\Lib\site-packages\django\contrib\sessions\base_session.py first seen with mtime 1622012635.9496434
File C:\Python39\Lib\stat.py first seen with mtime 1620034494.0
File C:\Python39\Lib\asyncio\coroutines.py first seen with mtime 1620034494.0
File C:\Python39\Lib\site-packages\django\db\migrations\operations\__init__.py first seen with mtime 1622012636.6683667
File C:\Python39\Lib\logging\__init__.py first seen with mtime 1620034494.0
File C:\Python39\Lib\site-packages\django\db\models\functions\math.py first seen with mtime 1622012636.7037826
File C:\Python39\Lib\site-packages\sqlparse\engine\__init__.py first seen with mtime 1622012631.170555
File C:\Python39\Lib\site-packages\sqlparse\lexer.py first seen with mtime 1622012631.1665652
File C:\Python39\Lib\site-packages\django\urls\__init__.py first seen with mtime 1622012636.8339546
File C:\Python39\Lib\site-packages\django\views\generic\__init__.py first seen with mtime 1622012636.9042778
File C:\Python39\Lib\selectors.py first seen with mtime 1620034494.0
File C:\Python39\Lib\wsgiref\simple_server.py first seen with mtime 1620034496.0
File C:\Python39\Lib\site-packages\django\db\backends\sqlite3\features.py first seen with mtime 1622012636.6474226
File C:\Python39\Lib\gzip.py first seen with mtime 1620034494.0
File C:\Python39\Lib\site-packages\django\template\loaders\__init__.py first seen with mtime 1622012636.8140082
File C:\Python39\Lib\site-packages\django\db\models\aggregates.py first seen with mtime 1622012636.6753492
File C:\Python39\Lib\site-packages\sqlparse\filters\right_margin.py first seen with mtime 1622012631.181526
File C:\Python39\Lib\http\server.py first seen with mtime 1620034494.0
File C:\Python39\Lib\json\decoder.py first seen with mtime 1620034494.0
File C:\Python39\Lib\site-packages\django\contrib\staticfiles\handlers.py first seen with mtime 1622012636.4928372
File C:\Python39\Lib\site-packages\django\template\utils.py first seen with mtime 1622012636.808024
File C:\Python39\Lib\site-packages\django\db\migrations\utils.py first seen with mtime 1622012636.6663718
File C:\Python39\Lib\site-packages\django\db\models\lookups.py first seen with mtime 1622012636.6838462
File C:\Python39\Lib\ctypes\_endian.py first seen with mtime 1620034494.0
File C:\Python39\Lib\site-packages\django\utils\http.py first seen with mtime 1622012636.8678646
File C:\Python39\Lib\site-packages\django\template\loaders\app_directories.py first seen with mtime 1622012636.8150053
File C:\Python39\Lib\tokenize.py first seen with mtime 1620034496.0
File C:\Python39\Lib\site-packages\django\core\checks\translation.py first seen with mtime 1622012636.5307345
File C:\Python39\Lib\ctypes\wintypes.py first seen with mtime 1620034494.0
File C:\Python39\Lib\site-packages\django\http\multipartparser.py first seen with mtime 1622012636.7805767
File C:\Python39\Lib\site-packages\pytz\lazy.py first seen with mtime 1622012631.593034
File C:\Python39\Lib\site-packages\sqlparse\filters\__init__.py first seen with mtime 1622012631.1755433
File C:\Python39\Lib\concurrent\__init__.py first seen with mtime 1620034494.0
File C:\Python39\Lib\genericpath.py first seen with mtime 1620034494.0
File C:\Python39\Lib\site-packages\django\utils\version.py first seen with mtime 1622012636.8843422
File C:\Python39\Lib\site-packages\django\utils\regex_helper.py first seen with mtime 1622012636.8768406
File C:\Python39\Lib\site-packages\django\contrib\admin\checks.py first seen with mtime 1622012633.0521786
File C:\Python39\Lib\site-packages\django\core\mail\__init__.py first seen with mtime 1622012636.5496871
File C:\Python39\Lib\site-packages\django\utils\dateformat.py first seen with mtime 1622012636.8499117
File C:\Python39\DLLs\_overlapped.pyd first seen with mtime 1620034544.0
File C:\Python39\Lib\site-packages\django\utils\datetime_safe.py first seen with mtime 1622012636.851907
File C:\Python39\Lib\base64.py first seen with mtime 1620034494.0
File C:\Python39\Lib\site-packages\django\core\files\__init__.py first seen with mtime 1622012636.5357213
File C:\Python39\Lib\site-packages\django\db\backends\base\client.py first seen with mtime 1622012636.6075294
File C:\Python39\Lib\asyncio\staggered.py first seen with mtime 1620034494.0
File C:\Python39\Lib\asyncio\runners.py first seen with mtime 1620034494.0
File C:\Python39\Lib\site-packages\django\contrib\admin\options.py first seen with mtime 1622012633.0631475
File C:\Python39\Lib\ntpath.py first seen with mtime 1620034494.0
File C:\Python39\Lib\site-packages\pytz\tzfile.py first seen with mtime 1622012631.5950334
File C:\Python39\Lib\mimetypes.py first seen with mtime 1620034494.0
File C:\Python39\Lib\pickle.py first seen with mtime 1620034494.0
File C:\Python39\Lib\site-packages\django\core\checks\security\base.py first seen with mtime 1622012636.5337288
File C:\Python39\Lib\site-packages\django\core\management\commands\runserver.py first seen with mtime 1622012636.576612
File C:\Python39\Lib\site-packages\django\http\__init__.py first seen with mtime 1622012636.7795796
File C:\Python39\Lib\asyncio\futures.py first seen with mtime 1620034494.0
File C:\Python39\Lib\warnings.py first seen with mtime 1620034496.0
File C:\Python39\Lib\random.py first seen with mtime 1620034494.0
File C:\Python39\Lib\site-packages\django\core\cache\backends\base.py first seen with mtime 1622012636.5147796
File C:\Python39\Lib\difflib.py first seen with mtime 1620034494.0
File C:\Python39\Lib\site-packages\django\contrib\admin\exceptions.py first seen with mtime 1622012633.0561676
File C:\Python39\Lib\site-packages\django\views\csrf.py first seen with mtime 1622012636.8923092
File C:\Python39\Lib\site-packages\django\contrib\contenttypes\admin.py first seen with mtime 1622012634.3872328
File C:\Python39\Lib\site-packages\django\db\models\fields\proxy.py first seen with mtime 1622012636.6958036
File C:\Python39\Lib\email\generator.py first seen with mtime 1620034494.0
File C:\Python39\Lib\opcode.py first seen with mtime 1620034494.0
File C:\Python39\Lib\asyncio\log.py first seen with mtime 1620034494.0
File C:\Python39\Lib\asyncio\tasks.py first seen with mtime 1620034494.0
File C:\Python39\Lib\site-packages\django\contrib\admin\sites.py first seen with mtime 1622012633.0641472
File C:\Python39\Lib\json\encoder.py first seen with mtime 1620034494.0
File C:\Python39\Lib\site-packages\django\contrib\auth\admin.py first seen with mtime 1622012634.0082426
File C:\Python39\Lib\json\__init__.py first seen with mtime 1620034494.0
File C:\Python39\Lib\asyncio\streams.py first seen with mtime 1620034494.0
File C:\Python39\Lib\site-packages\django\utils\dateparse.py first seen with mtime 1622012636.8499117
File C:\Python39\Lib\site-packages\django\forms\boundfield.py first seen with mtime 1622012636.71974
File C:\Python39\Lib\platform.py first seen with mtime 1620034494.0
File C:\Python39\Lib\site-packages\sqlparse\engine\statement_splitter.py first seen with mtime 1622012631.1745453
File C:\Python39\Lib\site-packages\django\core\serializers\__init__.py first seen with mtime 1622012636.5905745
File C:\Python39\Lib\site-packages\django\db\migrations\operations\utils.py first seen with mtime 1622012636.6733532
File C:\Python39\Lib\asyncio\threads.py first seen with mtime 1620034494.0
File C:\Python39\Lib\distutils\__init__.py first seen with mtime 1620034494.0
File C:\Python39\Lib\site-packages\django\contrib\admin\models.py first seen with mtime 1622012633.061153
File C:\Python39\Lib\site-packages\django\contrib\admin\views\main.py first seen with mtime 1622012633.7489357
File C:\Python39\Lib\site-packages\django\core\files\storage.py first seen with mtime 1622012636.5407085
File C:\Python39\Lib\asyncio\protocols.py first seen with mtime 1620034494.0
File C:\Python39\Lib\site-packages\django\utils\timezone.py first seen with mtime 1622012636.8808293
File C:\Python39\Lib\site-packages\django\core\validators.py first seen with mtime 1622012636.510788
File C:\Python39\Lib\site-packages\django\contrib\admin\helpers.py first seen with mtime 1622012633.0601563
File C:\Python39\Lib\site-packages\sqlparse\exceptions.py first seen with mtime 1622012631.1616123
File C:\Python39\Lib\site-packages\django\contrib\messages\apps.py first seen with mtime 1622012635.494858
File C:\Python39\Lib\pkgutil.py first seen with mtime 1620034494.0
File C:\Python39\Lib\site-packages\django\template\autoreload.py first seen with mtime 1622012636.795059
File C:\Python39\Lib\site-packages\django\urls\utils.py first seen with mtime 1622012636.8399389
File C:\Python39\Lib\site-packages\django\db\backends\base\schema.py first seen with mtime 1622012636.6125157
File C:\Python39\Lib\site-packages\django\forms\fields.py first seen with mtime 1622012636.7207377
File C:\Python39\Lib\shutil.py first seen with mtime 1620034494.0
File C:\Python39\Lib\statistics.py first seen with mtime 1620034494.0
File C:\Python39\Lib\concurrent\futures\__init__.py first seen with mtime 1620034494.0
File C:\Python39\Lib\site-packages\sqlparse\tokens.py first seen with mtime 1622012631.168595
File C:\Python39\Lib\site-packages\django\core\checks\caches.py first seen with mtime 1622012636.5237617
File C:\Python39\Lib\html\parser.py first seen with mtime 1620034494.0
File C:\Python39\Lib\asyncio\base_subprocess.py first seen with mtime 1620034494.0
File C:\Python39\Lib\site-packages\django\views\generic\list.py first seen with mtime 1622012636.9082665
File C:\Python39\Lib\site-packages\django\utils\asyncio.py first seen with mtime 1622012636.8429308
File C:\Python39\Lib\site-packages\django\db\backends\ddl_references.py first seen with mtime 1622012636.6025422
File C:\Python39\DLLs\_ssl.pyd first seen with mtime 1620034546.0
File C:\Python39\Lib\site-packages\django\template\context.py first seen with mtime 1622012636.7970538
File C:\Python39\Lib\site-packages\django\core\servers\__init__.py first seen with mtime 1622012636.5975564
File C:\Python39\Lib\site-packages\django\http\cookie.py first seen with mtime 1622012636.7795796
File C:\Python39\Lib\pprint.py first seen with mtime 1620034494.0
File C:\Python39\Lib\site-packages\django\contrib\staticfiles\checks.py first seen with mtime 1622012636.4908414
File C:\Python39\Lib\site-packages\django\db\models\deletion.py first seen with mtime 1622012636.6793375
File C:\Python39\Lib\site-packages\django\utils\crypto.py first seen with mtime 1622012636.847917
File C:\Python39\Lib\email\feedparser.py first seen with mtime 1620034494.0
File C:\Python39\Lib\site-packages\django\template\backends\__init__.py first seen with mtime 1622012636.809021
File C:\Python39\Lib\hashlib.py first seen with mtime 1620034494.0
File C:\Python39\Lib\site-packages\django\db\backends\sqlite3\client.py first seen with mtime 1622012636.6454275
File C:\Python39\Lib\site-packages\django\db\migrations\operations\special.py first seen with mtime 1622012636.6723561
File C:\Python39\Lib\site-packages\django\contrib\contenttypes\__init__.py first seen with mtime 1622012634.385237
File C:\Python39\Lib\asyncio\exceptions.py first seen with mtime 1620034494.0
File C:\Python39\Lib\site-packages\django\core\management\base.py first seen with mtime 1622012636.5606546
File C:\Python39\Lib\site-packages\django\views\defaults.py first seen with mtime 1622012636.893309
File C:\Python39\Lib\site-packages\django\__init__.py first seen with mtime 1622012632.5938916
File C:\Python39\Lib\asyncio\locks.py first seen with mtime 1620034494.0
File C:\Python39\Lib\email\_encoded_words.py first seen with mtime 1620034494.0
File C:\Python39\Lib\email\_header_value_parser.py first seen with mtime 1620034494.0
File C:\Python39\Lib\http\client.py first seen with mtime 1620034494.0
File C:\Python39\Lib\site-packages\django\core\mail\utils.py first seen with mtime 1622012636.5506814
File C:\Python39\Lib\typing.py first seen with mtime 1620034496.0
File C:\Python39\Lib\site-packages\django\views\generic\detail.py first seen with mtime 1622012636.9062726
File C:\Python39\Lib\site-packages\django\core\checks\security\sessions.py first seen with mtime 1622012636.5357213
File C:\Python39\Lib\site-packages\django\template\loaders\filesystem.py first seen with mtime 1622012636.8179975
File C:\Python39\Lib\site-packages\django\core\handlers\base.py first seen with mtime 1622012636.5466917
File C:\Python39\Lib\asyncio\windows_events.py first seen with mtime 1620034494.0
File C:\Python39\Lib\asyncio\base_futures.py first seen with mtime 1620034494.0
File C:\Python39\Lib\site-packages\django\core\files\utils.py first seen with mtime 1622012636.5436995
File C:\Python39\Lib\site-packages\django\db\models\fields\related.py first seen with mtime 1622012636.6968014
File C:\Python39\Lib\gettext.py first seen with mtime 1620034494.0
File C:\Python39\Lib\site-packages\django\utils\autoreload.py first seen with mtime 1622012636.843928
File C:\Python39\Lib\site-packages\sqlparse\filters\others.py first seen with mtime 1622012631.1775365
File C:\Python39\Lib\unittest\main.py first seen with mtime 1620034496.0
File C:\Python39\Lib\distutils\version.py first seen with mtime 1620034494.0
File C:\Python39\DLLs\_decimal.pyd first seen with mtime 1620034546.0
File C:\Python39\Lib\site-packages\django\core\files\move.py first seen with mtime 1622012636.5397105
File C:\Python39\Lib\tempfile.py first seen with mtime 1620034494.0
File C:\Python39\Lib\sqlite3\dbapi2.py first seen with mtime 1620034494.0
File C:\Python39\Lib\site-packages\django\db\models\manager.py first seen with mtime 1622012636.684833
File C:\Python39\Lib\site-packages\sqlparse\sql.py first seen with mtime 1622012631.167564
File C:\Python39\Lib\unittest\result.py first seen with mtime 1620034496.0
File C:\Python39\Lib\site-packages\django\utils\connection.py first seen with mtime 1622012636.84692
File C:\Python39\Lib\email\encoders.py first seen with mtime 1620034494.0
File C:\Python39\Lib\site-packages\django\core\management\__init__.py first seen with mtime 1622012636.5596576
File C:\Python39\Lib\wsgiref\handlers.py first seen with mtime 1620034496.0
File C:\Python39\Lib\site-packages\django\db\models\sql\constants.py first seen with mtime 1622012636.709766
File C:\Python39\Lib\dis.py first seen with mtime 1620034494.0
File C:\Python39\Lib\site-packages\django\db\models\fields\mixins.py first seen with mtime 1622012636.6948063
File C:\Python39\Lib\site-packages\django\contrib\admin\templatetags\log.py first seen with mtime 1622012633.7449472
File C:\Python39\Lib\site-packages\django\core\handlers\__init__.py first seen with mtime 1622012636.5446973
File C:\Python39\Lib\site-packages\django\utils\module_loading.py first seen with mtime 1622012636.8748455
File C:\Python39\Lib\site-packages\django\db\backends\sqlite3\schema.py first seen with mtime 1622012636.650414
File C:\Python39\Lib\site-packages\django\db\models\functions\comparison.py first seen with mtime 1622012636.7017899
File C:\Python39\Lib\site-packages\django\db\models\functions\datetime.py first seen with mtime 1622012636.7027848
File C:\Python39\Lib\site-packages\django\db\models\functions\mixins.py first seen with mtime 1622012636.70478
File C:\Python39\Lib\site-packages\django\db\backends\base\operations.py first seen with mtime 1622012636.6115184
File C:\Python39\Lib\email\message.py first seen with mtime 1620034494.0
File C:\Python39\Lib\site-packages\django\db\models\fields\reverse_related.py first seen with mtime 1622012636.6997926
File C:\Python39\Lib\site-packages\django\middleware\security.py first seen with mtime 1622012636.7930644
File C:\Python39\Lib\site-packages\django\db\backends\utils.py first seen with mtime 1622012636.604537
File C:\Python39\Lib\site-packages\django\contrib\auth\management\__init__.py first seen with mtime 1622012634.365291
File C:\Python39\Lib\unittest\runner.py first seen with mtime 1620034496.0
File C:\Python39\Lib\site-packages\asgiref\__init__.py first seen with mtime 1622012632.3974519
File C:\Python39\Lib\site-packages\pytz\exceptions.py first seen with mtime 1622012631.5920365
File C:\Python39\Lib\logging\handlers.py first seen with mtime 1620034494.0
File C:\Python39\Lib\asyncio\events.py first seen with mtime 1620034494.0
File C:\Python39\Lib\queue.py first seen with mtime 1620034494.0
File C:\Python39\Lib\site-packages\django\db\models\constants.py first seen with mtime 1622012636.677344
File C:\Python39\Lib\site-packages\django\utils\tree.py first seen with mtime 1622012636.8828251
File C:\Python39\Lib\site-packages\django\conf\urls\__init__.py first seen with mtime 1622012633.044199
File C:\Python39\Lib\ast.py first seen with mtime 1620034494.0
File C:\Python39\Lib\decimal.py first seen with mtime 1620034494.0
File C:\Python39\Lib\site-packages\django\contrib\sites\shortcuts.py first seen with mtime 1622012636.2119403
File C:\Python39\Lib\site-packages\django\views\decorators\__init__.py first seen with mtime 1622012636.8962984
File C:\Python39\Lib\site-packages\django\middleware\__init__.py first seen with mtime 1622012636.7841003
File C:\Python39\Lib\site-packages\django\core\files\uploadhandler.py first seen with mtime 1622012636.5427022
File C:\Python39\Lib\site-packages\django\utils\formats.py first seen with mtime 1622012636.863876
File C:\Python39\Lib\asyncio\base_tasks.py first seen with mtime 1620034494.0
File C:\Python39\Lib\site-packages\django\db\backends\sqlite3\__init__.py first seen with mtime 1622012636.643433
File C:\Python39\Lib\keyword.py first seen with mtime 1620034494.0
File C:\Python39\Lib\site-packages\django\db\models\sql\__init__.py first seen with mtime 1622012636.7077718
File C:\Python39\Lib\site-packages\django\db\models\sql\subqueries.py first seen with mtime 1622012636.7137556
File C:\Python39\Lib\site-packages\django\templatetags\cache.py first seen with mtime 1622012636.8209891
File C:\Python39\Lib\importlib\util.py first seen with mtime 1620034494.0
File C:\Python39\Lib\sqlite3\__init__.py first seen with mtime 1620034494.0
File C:\Python39\Lib\threading.py first seen with mtime 1620034496.0
File C:\Python39\Lib\site-packages\django\utils\termcolors.py first seen with mtime 1622012636.8778372
File C:\Python39\Lib\site-packages\django\db\migrations\state.py first seen with mtime 1622012636.6663718
File C:\Python39\Lib\http\__init__.py first seen with mtime 1620034494.0
File C:\Python39\Lib\site-packages\asgiref\sync.py first seen with mtime 1622012632.4043987
File C:\Python39\Lib\struct.py first seen with mtime 1620034494.0
File C:\Python39\Lib\site-packages\django\forms\models.py first seen with mtime 1622012636.727721
File C:\Python39\DLLs\_hashlib.pyd first seen with mtime 1620034544.0
File C:\Python39\Lib\ipaddress.py first seen with mtime 1620034494.0
File C:\Python39\Lib\site-packages\django\db\models\sql\where.py first seen with mtime 1622012636.7147577
File C:\Python39\Lib\site-packages\django\db\migrations\operations\fields.py first seen with mtime 1622012636.6703615
File C:\Python39\Lib\numbers.py first seen with mtime 1620034494.0
File C:\Python39\Lib\site-packages\django\conf\global_settings.py first seen with mtime 1622012632.6018703
File C:\Python39\Lib\contextvars.py first seen with mtime 1620034494.0
File C:\Python39\Lib\site-packages\django\core\cache\backends\locmem.py first seen with mtime 1622012636.5187664
File C:\Python39\Lib\site-packages\django\middleware\clickjacking.py first seen with mtime 1622012636.7860825
File C:\Python39\Lib\encodings\idna.py first seen with mtime 1620034494.0
File C:\Python39\Lib\site-packages\django\contrib\sessions\backends\db.py first seen with mtime 1622012635.959618
File C:\Python39\Lib\site-packages\django\db\migrations\recorder.py first seen with mtime 1622012636.664378
File C:\Python39\testEnv\hello_django\hello_django\wsgi.py first seen with mtime 1622012716.0101805
File C:\Python39\Lib\site-packages\django\contrib\sessions\backends\__init__.py first seen with mtime 1622012635.9556284
File C:\Python39\Lib\site-packages\django\contrib\contenttypes\migrations\__init__.py first seen with mtime 1622012634.6261017
File C:\Python39\Lib\site-packages\django\contrib\admin\migrations\__init__.py first seen with mtime 1622012633.5464768
File C:\Python39\Lib\site-packages\django\contrib\auth\migrations\0002_alter_permission_name_max_length.py first seen with mtime 1622012634.3692844
File C:\Python39\Lib\stringprep.py first seen with mtime 1620034494.0
File C:\Python39\Lib\site-packages\django\contrib\auth\migrations\0007_alter_validators_add_error_messages.py first seen with mtime 1622012634.3752618
File C:\Python39\Lib\site-packages\django\contrib\contenttypes\migrations\0001_initial.py first seen with mtime 1622012634.624108
File C:\Python39\Lib\site-packages\django\contrib\admin\migrations\0001_initial.py first seen with mtime 1622012633.5424907
File C:\Python39\Lib\site-packages\django\contrib\auth\migrations\0003_alter_user_email_max_length.py first seen with mtime 1622012634.3702774
File C:\Python39\Lib\site-packages\django\db\migrations\loader.py first seen with mtime 1622012636.6603878
File C:\Python39\Lib\site-packages\django\middleware\common.py first seen with mtime 1622012636.7870808
File C:\Python39\Lib\site-packages\django\contrib\contenttypes\migrations\0002_remove_content_type_name.py first seen with mtime 1622012634.6251042
File C:\Python39\Lib\site-packages\django\db\migrations\graph.py first seen with mtime 1622012636.659391
File C:\Python39\Lib\site-packages\django\contrib\auth\migrations\0009_alter_user_last_name_max_length.py first seen with mtime 1622012634.3772562
File C:\Python39\Lib\site-packages\django\contrib\auth\migrations\0005_alter_user_last_login_null.py first seen with mtime 1622012634.3722692
File C:\Python39\Lib\site-packages\django\contrib\sessions\migrations\__init__.py first seen with mtime 1622012636.1939883
File C:\Python39\Lib\site-packages\django\contrib\auth\migrations\__init__.py first seen with mtime 1622012634.381248
File C:\Python39\Lib\site-packages\django\contrib\admin\migrations\0002_logentry_remove_auto_add.py first seen with mtime 1622012633.5434878
File C:\Python39\Lib\site-packages\django\contrib\auth\migrations\0008_alter_user_username_max_length.py first seen with mtime 1622012634.3762605
File C:\Python39\Lib\site-packages\django\contrib\admin\migrations\0003_logentry_add_action_flag_choices.py first seen with mtime 1622012633.5454803
File C:\Python39\Lib\site-packages\django\contrib\auth\migrations\0006_require_contenttypes_0002.py first seen with mtime 1622012634.3732672
File C:\Python39\Lib\site-packages\django\contrib\auth\migrations\0011_update_proxy_permissions.py first seen with mtime 1622012634.379253
File C:\Python39\Lib\site-packages\django\db\migrations\executor.py first seen with mtime 1622012636.6573994
File C:\Python39\Lib\site-packages\django\contrib\sessions\backends\base.py first seen with mtime 1622012635.9566252
File C:\Python39\Lib\site-packages\django\contrib\sessions\migrations\0001_initial.py first seen with mtime 1622012636.1939883
File C:\Python39\Lib\site-packages\django\contrib\auth\migrations\0001_initial.py first seen with mtime 1622012634.3682826
File C:\Python39\Lib\site-packages\django\contrib\auth\migrations\0010_alter_group_name_max_length.py first seen with mtime 1622012634.3782551
File C:\Python39\Lib\site-packages\django\contrib\messages\middleware.py first seen with mtime 1622012635.4978495
File C:\Python39\Lib\site-packages\django\contrib\sessions\exceptions.py first seen with mtime 1622012635.95064
File C:\Python39\Lib\site-packages\django\contrib\auth\migrations\0012_alter_user_first_name_max_length.py first seen with mtime 1622012634.38025
File C:\Python39\Lib\site-packages\django\contrib\auth\migrations\0004_alter_user_username_opts.py first seen with mtime 1622012634.3712716
Watching for file changes with StatReloader
Waiting for apps ready_event.
Apps ready_event triggered. Sending autoreload_started signal.
Watching dir C:\Python39\testEnv\hello_django\locale with glob **/*.mo.
Watching dir C:\Python39\testEnv\hello_django\myhello\locale with glob **/*.mo.
(0.000) 
            SELECT name, type FROM sqlite_master
            WHERE type in ('table', 'view') AND NOT name='sqlite_sequence'
            ORDER BY name; args=None
File C:\Python39\Lib\asyncio\futures.py first seen with mtime 1620034494.0
File C:\Python39\Lib\site-packages\django\core\management\commands\__init__.py first seen with mtime 1622012636.5656414
File C:\Python39\Lib\asyncio\runners.py first seen with mtime 1620034494.0
File C:\Python39\Lib\hashlib.py first seen with mtime 1620034494.0
File C:\Python39\Lib\site-packages\django\contrib\admin\models.py first seen with mtime 1622012633.061153
File C:\Python39\Lib\site-packages\django\core\handlers\base.py first seen with mtime 1622012636.5466917
File C:\Python39\Lib\email\_header_value_parser.py first seen with mtime 1620034494.0
File C:\Python39\Lib\site-packages\django\views\generic\list.py first seen with mtime 1622012636.9082665
File C:\Python39\Lib\keyword.py first seen with mtime 1620034494.0
File C:\Python39\Lib\site-packages\django\utils\timesince.py first seen with mtime 1622012636.8798323
File C:\Python39\Lib\site-packages\pytz\__init__.py first seen with mtime 1622012631.5910387
File C:\Python39\Lib\asyncio\staggered.py first seen with mtime 1620034494.0
File C:\Python39\Lib\email\utils.py first seen with mtime 1620034494.0
File C:\Python39\Lib\site-packages\django\dispatch\dispatcher.py first seen with mtime 1622012636.7167475
File C:\Python39\Lib\site-packages\django\core\paginator.py first seen with mtime 1622012636.5077956
File C:\Python39\Lib\site-packages\django\db\models\fields\related.py first seen with mtime 1622012636.6968014
File C:\Python39\Lib\sqlite3\dbapi2.py first seen with mtime 1620034494.0
File C:\Python39\DLLs\_hashlib.pyd first seen with mtime 1620034544.0
File C:\Python39\Lib\site-packages\django\middleware\cache.py first seen with mtime 1622012636.785086
File C:\Python39\Lib\site-packages\django\contrib\contenttypes\management\__init__.py first seen with mtime 1622012634.6211147
File C:\Python39\Lib\base64.py first seen with mtime 1620034494.0
File C:\Python39\Lib\site-packages\sqlparse\__init__.py first seen with mtime 1622012631.1546042
File C:\Python39\Lib\site-packages\django\core\files\temp.py first seen with mtime 1622012636.541705
File C:\Python39\Lib\json\encoder.py first seen with mtime 1620034494.0
File C:\Python39\Lib\site-packages\django\contrib\contenttypes\apps.py first seen with mtime 1622012634.3882277
File C:\Python39\Lib\site-packages\django\core\handlers\wsgi.py first seen with mtime 1622012636.5486865
File C:\Python39\Lib\unittest\runner.py first seen with mtime 1620034496.0
File C:\Python39\Lib\site-packages\django\db\models\__init__.py first seen with mtime 1622012636.6743524
File C:\Python39\Lib\site-packages\django\contrib\admin\utils.py first seen with mtime 1622012633.0671375
File C:\Python39\Lib\site-packages\django\contrib\sessions\base_session.py first seen with mtime 1622012635.9496434
File C:\Python39\Lib\site-packages\django\apps\registry.py first seen with mtime 1622012632.5988784
File C:\Python39\Lib\site-packages\django\template\backends\django.py first seen with mtime 1622012636.8110168
File C:\Python39\Lib\site-packages\django\utils\decorators.py first seen with mtime 1622012636.8558998
File C:\Python39\Lib\site-packages\django\db\models\functions\window.py first seen with mtime 1622012636.706774
File C:\Python39\Lib\site-packages\django\db\backends\base\creation.py first seen with mtime 1622012636.6085262
File C:\Python39\Lib\site-packages\django\utils\deprecation.py first seen with mtime 1622012636.8589003
File C:\Python39\Lib\ctypes\__init__.py first seen with mtime 1620034494.0
File C:\Python39\Lib\ntpath.py first seen with mtime 1620034494.0
File C:\Python39\Lib\site-packages\django\db\backends\base\operations.py first seen with mtime 1622012636.6115184
File C:\Python39\Lib\site-packages\django\utils\inspect.py first seen with mtime 1622012636.8698595
File C:\Python39\Lib\site-packages\django\db\models\fields\reverse_related.py first seen with mtime 1622012636.6997926
File C:\Python39\Lib\site-packages\sqlparse\keywords.py first seen with mtime 1622012631.164573
File C:\Python39\Lib\copyreg.py first seen with mtime 1620034494.0
File C:\Python39\Lib\site-packages\django\core\files\move.py first seen with mtime 1622012636.5397105
File C:\Python39\Lib\wsgiref\__init__.py first seen with mtime 1620034496.0
File C:\Python39\Lib\pprint.py first seen with mtime 1620034494.0
File C:\Python39\Lib\site-packages\django\utils\functional.py first seen with mtime 1622012636.8648727
File C:\Python39\Lib\urllib\request.py first seen with mtime 1620034496.0
File C:\Python39\Lib\shutil.py first seen with mtime 1620034494.0
File C:\Python39\testEnv\hello_django\myhello\admin.py first seen with mtime 1622076511.8950417
File C:\Python39\Lib\site-packages\django\urls\converters.py first seen with mtime 1622012636.8369472
File C:\Python39\Lib\site-packages\django\db\migrations\operations\special.py first seen with mtime 1622012636.6723561
File C:\Python39\Lib\site-packages\django\views\decorators\__init__.py first seen with mtime 1622012636.8962984
File C:\Python39\Lib\tokenize.py first seen with mtime 1620034496.0
File C:\Python39\Lib\site-packages\django\db\migrations\operations\base.py first seen with mtime 1622012636.6693642
File C:\Python39\Lib\sre_constants.py first seen with mtime 1620034494.0
File C:\Python39\Lib\site-packages\sqlparse\formatter.py first seen with mtime 1622012631.1635742
File C:\Python39\Lib\site-packages\django\contrib\auth\__init__.py first seen with mtime 1622012634.0062482
File C:\Python39\Lib\email\encoders.py first seen with mtime 1620034494.0
File C:\Python39\Lib\site-packages\django\utils\cache.py first seen with mtime 1622012636.8459225
File C:\Python39\Lib\token.py first seen with mtime 1620034496.0
File C:\Python39\Lib\logging\__init__.py first seen with mtime 1620034494.0
File C:\Python39\Lib\site-packages\django\core\__init__.py first seen with mtime 1622012636.5048041
File C:\Python39\Lib\site-packages\django\utils\translation\__init__.py first seen with mtime 1622012636.8863258
File C:\Python39\DLLs\_asyncio.pyd first seen with mtime 1620034544.0
File C:\Python39\Lib\site-packages\django\core\checks\templates.py first seen with mtime 1622012636.5297372
File C:\Python39\Lib\site-packages\django\forms\forms.py first seen with mtime 1622012636.7227318
File C:\Python39\Lib\site-packages\django\contrib\staticfiles\management\commands\__init__.py first seen with mtime 1622012636.4988196
File C:\Python39\Lib\asyncio\log.py first seen with mtime 1620034494.0
File C:\Python39\Lib\site-packages\django\contrib\admin\options.py first seen with mtime 1622012633.0631475
File C:\Python39\Lib\json\scanner.py first seen with mtime 1620034494.0
File C:\Python39\Lib\site-packages\django\core\files\base.py first seen with mtime 1622012636.536719
File C:\Python39\Lib\site-packages\sqlparse\utils.py first seen with mtime 1622012631.169557
File C:\Python39\Lib\site-packages\django\contrib\admin\checks.py first seen with mtime 1622012633.0521786
File C:\Python39\Lib\pathlib.py first seen with mtime 1620034494.0
File C:\Python39\Lib\site-packages\django\db\models\utils.py first seen with mtime 1622012636.6898196
File C:\Python39\Lib\site-packages\django\template\base.py first seen with mtime 1622012636.796057
File C:\Python39\Lib\site-packages\django\template\loaders\__init__.py first seen with mtime 1622012636.8140082
File C:\Python39\Lib\asyncio\trsock.py first seen with mtime 1620034494.0
File C:\Python39\Lib\site-packages\django\contrib\auth\models.py first seen with mtime 1622012634.0232053
File C:\Python39\Lib\site-packages\sqlparse\filters\reindent.py first seen with mtime 1622012631.1795313
File C:\Python39\Lib\email\mime\base.py first seen with mtime 1620034494.0
File C:\Python39\Lib\site-packages\django\core\checks\database.py first seen with mtime 1622012636.5257485
File C:\Python39\Lib\email\headerregistry.py first seen with mtime 1620034494.0
File C:\Python39\DLLs\_queue.pyd first seen with mtime 1620034544.0
File C:\Python39\Lib\site-packages\django\contrib\contenttypes\views.py first seen with mtime 1622012634.3942137
File C:\Python39\Lib\site-packages\django\core\checks\__init__.py first seen with mtime 1622012636.5207622
File C:\Python39\Lib\site-packages\sqlparse\engine\filter_stack.py first seen with mtime 1622012631.1725569
File C:\Python39\Lib\site-packages\sqlparse\filters\tokens.py first seen with mtime 1622012631.1825223
File C:\Python39\Lib\hmac.py first seen with mtime 1620034494.0
File C:\Python39\DLLs\_bz2.pyd first seen with mtime 1620034544.0
File C:\Python39\Lib\pickle.py first seen with mtime 1620034494.0
File C:\Python39\Lib\site-packages\django\contrib\admin\filters.py first seen with mtime 1622012633.058162
File C:\Python39\Lib\_bootlocale.py first seen with mtime 1620034494.0
File C:\Python39\Lib\site-packages\django\db\migrations\operations\fields.py first seen with mtime 1622012636.6703615
File C:\Python39\Lib\site-packages\django\middleware\__init__.py first seen with mtime 1622012636.7841003
File C:\Python39\Lib\statistics.py first seen with mtime 1620034494.0
File C:\Python39\Lib\site-packages\django\contrib\admin\views\autocomplete.py first seen with mtime 1622012633.7469416
File C:\Python39\Lib\site-packages\django\utils\text.py first seen with mtime 1622012636.8788345
File C:\Python39\Lib\email\mime\nonmultipart.py first seen with mtime 1620034494.0
File C:\Python39\Lib\site-packages\django\template\library.py first seen with mtime 1622012636.803038
File C:\Python39\Lib\site-packages\django\core\cache\backends\filebased.py first seen with mtime 1622012636.5177689
File C:\Python39\Lib\site-packages\django\forms\widgets.py first seen with mtime 1622012636.7307105
File C:\Python39\Lib\inspect.py first seen with mtime 1620034494.0
File C:\Python39\Lib\email\feedparser.py first seen with mtime 1620034494.0
File C:\Python39\Lib\site-packages\django\utils\encoding.py first seen with mtime 1622012636.8618808
File C:\Python39\Lib\site-packages\django\core\exceptions.py first seen with mtime 1622012636.5067985
File C:\Python39\Lib\site-packages\django\templatetags\i18n.py first seen with mtime 1622012636.8219864
File C:\Python39\DLLs\select.pyd first seen with mtime 1620034546.0
File C:\Python39\Lib\site-packages\django\db\models\constants.py first seen with mtime 1622012636.677344
File C:\Python39\testEnv\hello_django\manage.py first seen with mtime 1622012715.9034677
File C:\Python39\Lib\site-packages\django\db\migrations\migration.py first seen with mtime 1622012636.661385
File C:\Python39\Lib\site-packages\django\db\models\options.py first seen with mtime 1622012636.68583
File C:\Python39\Lib\site-packages\django\core\serializers\json.py first seen with mtime 1622012636.5925689
File C:\Python39\Lib\bisect.py first seen with mtime 1620034494.0
File C:\Python39\Lib\site-packages\django\conf\urls\__init__.py first seen with mtime 1622012633.044199
File C:\Python39\Lib\site-packages\django\urls\utils.py first seen with mtime 1622012636.8399389
File C:\Python39\DLLs\_decimal.pyd first seen with mtime 1620034546.0
File C:\Python39\Lib\site-packages\django\templatetags\static.py first seen with mtime 1622012636.8239918
File C:\Python39\Lib\queue.py first seen with mtime 1620034494.0
File C:\Python39\DLLs\_ctypes.pyd first seen with mtime 1620034544.0
File C:\Python39\Lib\site-packages\django\urls\exceptions.py first seen with mtime 1622012636.8379438
File C:\Python39\Lib\site-packages\django\db\models\fields\related_lookups.py first seen with mtime 1622012636.6987953
File C:\Python39\Lib\site-packages\asgiref\local.py first seen with mtime 1622012632.4004107
File C:\Python39\Lib\site-packages\django\forms\formsets.py first seen with mtime 1622012636.7257307
File C:\Python39\Lib\site-packages\django\utils\__init__.py first seen with mtime 1622012636.8399389
File C:\Python39\Lib\site-packages\django\core\mail\message.py first seen with mtime 1622012636.5506814
File C:\Python39\Lib\site-packages\django\utils\translation\trans_real.py first seen with mtime 1622012636.8903148
File C:\Python39\Lib\json\decoder.py first seen with mtime 1620034494.0
File C:\Python39\Lib\site-packages\django\db\models\aggregates.py first seen with mtime 1622012636.6753492
File C:\Python39\Lib\site-packages\django\contrib\admin\templatetags\base.py first seen with mtime 1622012633.7439504
File C:\Python39\Lib\logging\config.py first seen with mtime 1620034494.0
File C:\Python39\Lib\bz2.py first seen with mtime 1620034494.0
File C:\Python39\Lib\argparse.py first seen with mtime 1620034494.0
File C:\Python39\Lib\encodings\__init__.py first seen with mtime 1620034494.0
File C:\Python39\Lib\asyncio\format_helpers.py first seen with mtime 1620034494.0
File C:\Python39\Lib\site-packages\django\utils\datetime_safe.py first seen with mtime 1622012636.851907
File C:\Python39\Lib\sqlite3\__init__.py first seen with mtime 1620034494.0
File C:\Python39\Lib\uu.py first seen with mtime 1620034496.0
File C:\Python39\Lib\unittest\util.py first seen with mtime 1620034496.0
File C:\Python39\Lib\site-packages\django\db\models\expressions.py first seen with mtime 1622012636.6813316
File C:\Python39\Lib\site-packages\django\contrib\admin\templatetags\log.py first seen with mtime 1622012633.7449472
File C:\Python39\Lib\site-packages\django\contrib\auth\checks.py first seen with mtime 1622012634.0122318
File C:\Python39\Lib\site-packages\django\core\checks\caches.py first seen with mtime 1622012636.5237617
File C:\Python39\DLLs\_socket.pyd first seen with mtime 1620034544.0
File C:\Python39\Lib\site-packages\django\db\backends\sqlite3\client.py first seen with mtime 1622012636.6454275
File C:\Python39\Lib\ast.py first seen with mtime 1620034494.0
File C:\Python39\Lib\asyncio\exceptions.py first seen with mtime 1620034494.0
File C:\Python39\Lib\tempfile.py first seen with mtime 1620034494.0
File C:\Python39\Lib\dis.py first seen with mtime 1620034494.0
File C:\Python39\Lib\site-packages\django\views\__init__.py first seen with mtime 1622012636.8913121
File C:\Python39\Lib\site-packages\django\db\migrations\__init__.py first seen with mtime 1622012636.651412
File C:\Python39\Lib\fnmatch.py first seen with mtime 1620034494.0
File C:\Python39\Lib\http\cookies.py first seen with mtime 1620034494.0
File C:\Python39\Lib\site-packages\django\contrib\sites\__init__.py first seen with mtime 1622012636.2019672
File C:\Python39\Lib\site-packages\django\core\checks\security\sessions.py first seen with mtime 1622012636.5357213
File C:\Python39\Lib\site-packages\django\core\management\commands\runserver.py first seen with mtime 1622012636.576612
File C:\Python39\Lib\site-packages\django\contrib\auth\admin.py first seen with mtime 1622012634.0082426
File C:\Python39\Lib\re.py first seen with mtime 1620034494.0
File C:\Python39\Lib\site-packages\django\contrib\contenttypes\forms.py first seen with mtime 1622012634.3922184
File C:\Python39\Lib\site-packages\django\db\backends\signals.py first seen with mtime 1622012636.6035397
File C:\Python39\Lib\importlib\__init__.py first seen with mtime 1620034494.0
File C:\Python39\Lib\opcode.py first seen with mtime 1620034494.0
File C:\Python39\Lib\encodings\cp950.py first seen with mtime 1620034494.0
File C:\Python39\Lib\site-packages\django\template\exceptions.py first seen with mtime 1622012636.80204
File C:\Python39\Lib\site-packages\asgiref\current_thread_executor.py first seen with mtime 1622012632.3994145
File C:\Python39\Lib\asyncio\tasks.py first seen with mtime 1620034494.0
File C:\Python39\Lib\site-packages\django\views\generic\dates.py first seen with mtime 1622012636.9062726
File C:\Python39\Lib\site-packages\django\db\models\query.py first seen with mtime 1622012636.6878264
File C:\Python39\Lib\distutils\__init__.py first seen with mtime 1620034494.0
File C:\Python39\Lib\site-packages\django\apps\__init__.py first seen with mtime 1622012632.595886
File C:\Python39\Lib\site-packages\django\core\files\uploadhandler.py first seen with mtime 1622012636.5427022
File C:\Python39\Lib\site-packages\django\db\models\base.py first seen with mtime 1622012636.677344
File C:\Python39\Lib\email\charset.py first seen with mtime 1620034494.0
File C:\Python39\Lib\site-packages\django\views\generic\edit.py first seen with mtime 1622012636.9072695
File C:\Python39\Lib\site-packages\django\db\models\fields\json.py first seen with mtime 1622012636.6938088
File C:\Python39\Lib\site-packages\sqlparse\lexer.py first seen with mtime 1622012631.1665652
File C:\Python39\Lib\site-packages\django\core\management\__init__.py first seen with mtime 1622012636.5596576
File C:\Python39\Lib\asyncio\base_events.py first seen with mtime 1620034494.0
File C:\Python39\Lib\site-packages\django\template\backends\__init__.py first seen with mtime 1622012636.809021
File C:\Python39\Lib\encodings\aliases.py first seen with mtime 1620034494.0
File C:\Python39\Lib\site-packages\django\db\models\fields\related_descriptors.py first seen with mtime 1622012636.697798
File C:\Python39\Lib\asyncio\proactor_events.py first seen with mtime 1620034494.0
File C:\Python39\Lib\site-packages\pytz\lazy.py first seen with mtime 1622012631.593034
File C:\Python39\Lib\site-packages\django\db\backends\base\introspection.py first seen with mtime 1622012636.6105244
File C:\Python39\Lib\site-packages\django\db\backends\sqlite3\base.py first seen with mtime 1622012636.6454275
File C:\Python39\Lib\site-packages\django\db\models\indexes.py first seen with mtime 1622012636.6823287
File C:\Python39\Lib\site-packages\django\utils\connection.py first seen with mtime 1622012636.84692
File C:\Python39\Lib\email\mime\message.py first seen with mtime 1620034494.0
File C:\Python39\Lib\site-packages\django\utils\numberformat.py first seen with mtime 1622012636.875843
File C:\Python39\Lib\fractions.py first seen with mtime 1620034494.0
File C:\Python39\Lib\site-packages\django\db\migrations\utils.py first seen with mtime 1622012636.6663718
File C:\Python39\Lib\site-packages\django\http\response.py first seen with mtime 1622012636.7835686
File C:\Python39\Lib\asyncio\base_futures.py first seen with mtime 1620034494.0
File C:\Python39\Lib\asyncio\streams.py first seen with mtime 1620034494.0
File C:\Python39\Lib\site-packages\django\utils\http.py first seen with mtime 1622012636.8678646
File C:\Python39\testEnv\hello_django\myhello\urls.py first seen with mtime 1622076598.368879
File C:\Python39\Lib\site-packages\django\template\defaulttags.py first seen with mtime 1622012636.8000453
File C:\Python39\Lib\ipaddress.py first seen with mtime 1620034494.0
File C:\Python39\Lib\site-packages\django\contrib\sessions\apps.py first seen with mtime 1622012635.9486456
File C:\Python39\Lib\site-packages\django\db\models\sql\__init__.py first seen with mtime 1622012636.7077718
File C:\Python39\Lib\http\__init__.py first seen with mtime 1620034494.0
File C:\Python39\Lib\contextlib.py first seen with mtime 1620034494.0
File C:\Python39\Lib\site-packages\django\template\loaders\app_directories.py first seen with mtime 1622012636.8150053
File C:\Python39\Lib\site-packages\django\db\models\fields\__init__.py first seen with mtime 1622012636.6918144
File C:\Python39\Lib\site-packages\django\urls\base.py first seen with mtime 1622012636.834952
File C:\Python39\Lib\heapq.py first seen with mtime 1620034494.0
File C:\Python39\testEnv\hello_django\hello_django\settings.py first seen with mtime 1622076380.667391
File C:\Python39\Lib\site-packages\django\utils\crypto.py first seen with mtime 1622012636.847917
File C:\Python39\Lib\site-packages\django\contrib\admin\templatetags\admin_modify.py first seen with mtime 1622012633.7419548
File C:\Python39\Lib\site-packages\django\utils\module_loading.py first seen with mtime 1622012636.8748455
File C:\Python39\Lib\site-packages\django\contrib\staticfiles\__init__.py first seen with mtime 1622012636.489844
File C:\Python39\Lib\weakref.py first seen with mtime 1620034496.0
File C:\Python39\Lib\site-packages\django\core\wsgi.py first seen with mtime 1622012636.511785
File C:\Python39\Lib\site-packages\django\template\loaders\filesystem.py first seen with mtime 1622012636.8179975
File C:\Python39\Lib\site-packages\django\utils\hashable.py first seen with mtime 1622012636.86587
File C:\Python39\Lib\calendar.py first seen with mtime 1620034494.0
File C:\Python39\Lib\site-packages\django\utils\safestring.py first seen with mtime 1622012636.8778372
File C:\Python39\Lib\lzma.py first seen with mtime 1620034494.0
File C:\Python39\Lib\site-packages\sqlparse\engine\grouping.py first seen with mtime 1622012631.1735754
File C:\Python39\Lib\site-packages\django\contrib\admin\templatetags\admin_list.py first seen with mtime 1622012633.7409575
File C:\Python39\Lib\asyncio\threads.py first seen with mtime 1620034494.0
File C:\Python39\Lib\site-packages\django\contrib\admin\exceptions.py first seen with mtime 1622012633.0561676
File C:\Python39\Lib\site-packages\django\template\engine.py first seen with mtime 1622012636.8010426
File C:\Python39\Lib\site-packages\django\core\checks\translation.py first seen with mtime 1622012636.5307345
File C:\Python39\Lib\site-packages\django\utils\ipv6.py first seen with mtime 1622012636.8708565
File C:\Python39\Lib\site-packages\django\core\files\locks.py first seen with mtime 1622012636.5387137
File C:\Python39\Lib\ctypes\wintypes.py first seen with mtime 1620034494.0
File C:\Python39\Lib\site-packages\django\forms\__init__.py first seen with mtime 1622012636.7187421
File C:\Python39\Lib\email\message.py first seen with mtime 1620034494.0
File C:\Python39\Lib\email\quoprimime.py first seen with mtime 1620034494.0
File C:\Python39\Lib\site-packages\django\contrib\auth\hashers.py first seen with mtime 1622012634.0182166
File C:\Python39\Lib\site-packages\django\db\models\functions\mixins.py first seen with mtime 1622012636.70478
File C:\Python39\Lib\urllib\parse.py first seen with mtime 1620034496.0
File C:\Python39\Lib\asyncio\base_subprocess.py first seen with mtime 1620034494.0
File C:\Python39\Lib\wsgiref\handlers.py first seen with mtime 1620034496.0
File C:\Python39\Lib\site-packages\django\db\models\deletion.py first seen with mtime 1622012636.6793375
File C:\Python39\Lib\site-packages\django\utils\timezone.py first seen with mtime 1622012636.8808293
File C:\Python39\testEnv\hello_django\myhello\apps.py first seen with mtime 1622076511.9298632
File C:\Python39\Lib\site-packages\django\apps\config.py first seen with mtime 1622012632.5968835
File C:\Python39\Lib\site-packages\django\contrib\messages\__init__.py first seen with mtime 1622012635.4928632
File C:\Python39\Lib\site-packages\django\urls\resolvers.py first seen with mtime 1622012636.838941
File C:\Python39\Lib\unittest\signals.py first seen with mtime 1620034496.0
File C:\Python39\Lib\pkgutil.py first seen with mtime 1620034494.0
File C:\Python39\Lib\datetime.py first seen with mtime 1620034494.0
File C:\Python39\Lib\site-packages\django\contrib\auth\base_user.py first seen with mtime 1622012634.0112345
File C:\Python39\Lib\site-packages\django\db\transaction.py first seen with mtime 1622012636.6005478
File C:\Python39\Lib\site-packages\django\forms\models.py first seen with mtime 1622012636.727721
File C:\Python39\Lib\site-packages\pytz\exceptions.py first seen with mtime 1622012631.5920365
File C:\Python39\Lib\site-packages\django\views\decorators\csrf.py first seen with mtime 1622012636.8992908
File C:\Python39\DLLs\_sqlite3.pyd first seen with mtime 1620034544.0
File C:\Python39\Lib\ssl.py first seen with mtime 1620034494.0
File C:\Python39\Lib\site-packages\asgiref\sync.py first seen with mtime 1622012632.4043987
File C:\Python39\Lib\site-packages\django\utils\translation\reloader.py first seen with mtime 1622012636.8873231
File C:\Python39\Lib\site-packages\asgiref\__init__.py first seen with mtime 1622012632.3974519
File C:\Python39\Lib\site-packages\django\contrib\staticfiles\utils.py first seen with mtime 1622012636.496825
File C:\Python39\Lib\site-packages\sqlparse\exceptions.py first seen with mtime 1622012631.1616123
File C:\Python39\Lib\site-packages\django\contrib\admin\widgets.py first seen with mtime 1622012633.068135
File C:\Python39\Lib\site-packages\django\core\servers\basehttp.py first seen with mtime 1622012636.5985527
File C:\Python39\Lib\stat.py first seen with mtime 1620034494.0
File C:\Python39\Lib\site-packages\django\contrib\sessions\middleware.py first seen with mtime 1622012635.951638
File C:\Python39\Lib\site-packages\django\http\__init__.py first seen with mtime 1622012636.7795796
File C:\Python39\Lib\site-packages\django\template\response.py first seen with mtime 1622012636.8060298
File C:\Python39\Lib\site-packages\django\db\backends\base\schema.py first seen with mtime 1622012636.6125157
File C:\Python39\Lib\wsgiref\headers.py first seen with mtime 1620034496.0
File C:\Python39\Lib\asyncio\sslproto.py first seen with mtime 1620034494.0
File C:\Python39\Lib\site-packages\django\conf\global_settings.py first seen with mtime 1622012632.6018703
File C:\Python39\Lib\site-packages\django\db\models\lookups.py first seen with mtime 1622012636.6838462
File C:\Python39\Lib\contextvars.py first seen with mtime 1620034494.0
File C:\Python39\Lib\site-packages\django\templatetags\cache.py first seen with mtime 1622012636.8209891
File C:\Python39\DLLs\_ssl.pyd first seen with mtime 1620034546.0
File C:\Python39\Lib\site-packages\django\utils\log.py first seen with mtime 1622012636.8728507
File C:\Python39\Lib\site-packages\django\contrib\admin\apps.py first seen with mtime 1622012633.0501833
File C:\Python39\Lib\site-packages\django\contrib\auth\backends.py first seen with mtime 1622012634.0102372
File C:\Python39\Lib\ctypes\_endian.py first seen with mtime 1620034494.0
File C:\Python39\Lib\site-packages\django\__init__.py first seen with mtime 1622012632.5938916
File C:\Python39\Lib\site-packages\django\db\models\sql\constants.py first seen with mtime 1622012636.709766
File C:\Python39\Lib\email\errors.py first seen with mtime 1620034494.0
File C:\Python39\Lib\_compression.py first seen with mtime 1620034494.0
File C:\Python39\Lib\site-packages\django\utils\baseconv.py first seen with mtime 1622012636.844925
File C:\Python39\Lib\selectors.py first seen with mtime 1620034494.0
File C:\Python39\Lib\site-packages\django\utils\duration.py first seen with mtime 1622012636.8608837
File C:\Python39\Lib\site-packages\django\core\checks\security\base.py first seen with mtime 1622012636.5337288
File C:\Python39\Lib\wsgiref\util.py first seen with mtime 1620034496.0
File C:\Python39\Lib\site-packages\django\core\handlers\asgi.py first seen with mtime 1622012636.5456944
File C:\Python39\Lib\site-packages\django\views\decorators\common.py first seen with mtime 1622012636.8982937
File C:\Python39\Lib\site-packages\django\core\files\images.py first seen with mtime 1622012636.537716
File C:\Python39\Lib\site-packages\django\middleware\csrf.py first seen with mtime 1622012636.7890842
File C:\Python39\Lib\unittest\__init__.py first seen with mtime 1620034496.0
File C:\Python39\Lib\site-packages\django\db\models\functions\math.py first seen with mtime 1622012636.7037826
File C:\Python39\Lib\asyncio\windows_events.py first seen with mtime 1620034494.0
File C:\Python39\testEnv\hello_django\myhello\views.py first seen with mtime 1622076561.1050153
File C:\Python39\Lib\concurrent\__init__.py first seen with mtime 1620034494.0
File C:\Python39\Lib\site-packages\django\core\files\uploadedfile.py first seen with mtime 1622012636.5427022
File C:\Python39\Lib\site-packages\django\contrib\staticfiles\checks.py first seen with mtime 1622012636.4908414
File C:\Python39\Lib\_compat_pickle.py first seen with mtime 1620034494.0
File C:\Python39\Lib\site-packages\django\db\backends\sqlite3\introspection.py first seen with mtime 1622012636.6484196
File C:\Python39\Lib\cgi.py first seen with mtime 1620034494.0
File C:\Python39\Lib\email\iterators.py first seen with mtime 1620034494.0
File C:\Python39\Lib\site-packages\sqlparse\filters\__init__.py first seen with mtime 1622012631.1755433
File C:\Python39\Lib\enum.py first seen with mtime 1620034494.0
File C:\Python39\Lib\unittest\result.py first seen with mtime 1620034496.0
File C:\Python39\Lib\site-packages\django\views\decorators\debug.py first seen with mtime 1622012636.900288
File C:\Python39\Lib\collections\abc.py first seen with mtime 1620034494.0
File C:\Python39\Lib\site-packages\django\template\autoreload.py first seen with mtime 1622012636.795059
File C:\Python39\Lib\site-packages\django\contrib\sessions\__init__.py first seen with mtime 1622012635.9476526
File C:\Python39\Lib\site-packages\django\views\i18n.py first seen with mtime 1622012636.8943043
File C:\Python39\Lib\site-packages\django\utils\itercompat.py first seen with mtime 1622012636.871861
File C:\Python39\Lib\site-packages\django\contrib\__init__.py first seen with mtime 1622012633.0471907
File C:\Python39\Lib\codecs.py first seen with mtime 1620034494.0
File C:\Python39\Lib\site-packages\django\contrib\messages\constants.py first seen with mtime 1622012635.495855
File C:\Python39\Lib\site-packages\django\utils\deconstruct.py first seen with mtime 1622012636.8539028
File C:\Python39\Lib\linecache.py first seen with mtime 1620034494.0
File C:\Python39\Lib\site-packages\django\db\backends\base\features.py first seen with mtime 1622012636.6095235
File C:\Python39\Lib\site-packages\django\http\multipartparser.py first seen with mtime 1622012636.7805767
File C:\Python39\Lib\io.py first seen with mtime 1620034494.0
File C:\Python39\Lib\site-packages\django\core\management\base.py first seen with mtime 1622012636.5606546
File C:\Python39\Lib\site-packages\django\contrib\contenttypes\__init__.py first seen with mtime 1622012634.385237
File C:\Python39\Lib\difflib.py first seen with mtime 1620034494.0
File C:\Python39\testEnv\hello_django\hello_django\__init__.py first seen with mtime 1622012716.0111785
File C:\Python39\Lib\site-packages\django\db\models\fields\proxy.py first seen with mtime 1622012636.6958036
File C:\Python39\Lib\subprocess.py first seen with mtime 1620034494.0
File C:\Python39\Lib\site-packages\django\core\serializers\__init__.py first seen with mtime 1622012636.5905745
File C:\Python39\Lib\site-packages\django\views\generic\__init__.py first seen with mtime 1622012636.9042778
File C:\Python39\Lib\gettext.py first seen with mtime 1620034494.0
File C:\Python39\Lib\site-packages\sqlparse\filters\others.py first seen with mtime 1622012631.1775365
File C:\Python39\Lib\site-packages\django\db\backends\base\__init__.py first seen with mtime 1622012636.6055343
File C:\Python39\Lib\site-packages\django\contrib\sessions\models.py first seen with mtime 1622012635.9526367
File C:\Python39\Lib\site-packages\django\core\checks\urls.py first seen with mtime 1622012636.5307345
File C:\Python39\Lib\site-packages\django\db\backends\sqlite3\creation.py first seen with mtime 1622012636.646425
File C:\Python39\Lib\site-packages\django\utils\asyncio.py first seen with mtime 1622012636.8429308
File C:\Python39\Lib\unittest\case.py first seen with mtime 1620034496.0
File C:\Python39\Lib\site-packages\django\db\backends\sqlite3\operations.py first seen with mtime 1622012636.649417
File C:\Python39\Lib\site-packages\django\core\signing.py first seen with mtime 1622012636.5097902
File C:\Python39\Lib\asyncio\selector_events.py first seen with mtime 1620034494.0
File C:\Python39\Lib\site-packages\django\db\models\sql\query.py first seen with mtime 1622012636.7127583
File C:\Python39\DLLs\_uuid.pyd first seen with mtime 1620034544.0
File C:\Python39\Lib\email\policy.py first seen with mtime 1620034494.0
File C:\Python39\Lib\site-packages\django\contrib\contenttypes\models.py first seen with mtime 1622012634.3932166
File C:\Python39\Lib\site-packages\django\core\checks\security\csrf.py first seen with mtime 1622012636.5347245
File C:\Python39\Lib\site-packages\django\views\csrf.py first seen with mtime 1622012636.8923092
File C:\Python39\Lib\site-packages\django\db\__init__.py first seen with mtime 1622012636.5995505
File C:\Python39\Lib\site-packages\django\templatetags\tz.py first seen with mtime 1622012636.8249803
File C:\Python39\Lib\concurrent\futures\__init__.py first seen with mtime 1620034494.0
File C:\Python39\Lib\site-packages\django\db\models\constraints.py first seen with mtime 1622012636.6783416
File C:\Python39\Lib\socketserver.py first seen with mtime 1620034494.0
File C:\Python39\Lib\site-packages\django\views\defaults.py first seen with mtime 1622012636.893309
File C:\Python39\Lib\_collections_abc.py first seen with mtime 1620034494.0
File C:\Python39\Lib\site-packages\django\template\context.py first seen with mtime 1622012636.7970538
File C:\Python39\Lib\asyncio\events.py first seen with mtime 1620034494.0
File C:\Python39\Lib\site-packages\django\forms\renderers.py first seen with mtime 1622012636.7287157
File C:\Python39\Lib\site-packages\django\utils\dateparse.py first seen with mtime 1622012636.8499117
File C:\Python39\Lib\site.py first seen with mtime 1620034494.0
File C:\Python39\Lib\importlib\machinery.py first seen with mtime 1620034494.0
File C:\Python39\DLLs\unicodedata.pyd first seen with mtime 1620034546.0
File C:\Python39\Lib\secrets.py first seen with mtime 1620034494.0
File C:\Python39\Lib\site-packages\sqlparse\filters\aligned_indent.py first seen with mtime 1622012631.1765394
File C:\Python39\Lib\wsgiref\simple_server.py first seen with mtime 1620034496.0
File C:\Python39\Lib\os.py first seen with mtime 1620034494.0
File C:\Python39\Lib\site-packages\django\utils\datastructures.py first seen with mtime 1622012636.8489149
File C:\Python39\Lib\traceback.py first seen with mtime 1620034496.0
File C:\Python39\Lib\email\generator.py first seen with mtime 1620034494.0
File C:\Python39\Lib\site-packages\django\db\migrations\exceptions.py first seen with mtime 1622012636.655405
File C:\Python39\Lib\site-packages\django\utils\regex_helper.py first seen with mtime 1622012636.8768406
File C:\Python39\Lib\site-packages\django\db\models\signals.py first seen with mtime 1622012636.6898196
File C:\Python39\Lib\site-packages\django\contrib\staticfiles\finders.py first seen with mtime 1622012636.4918392
File C:\Python39\Lib\site-packages\django\views\decorators\cache.py first seen with mtime 1622012636.8972962
File C:\Python39\Lib\site-packages\django\db\models\query_utils.py first seen with mtime 1622012636.6888225
File C:\Python39\Lib\json\__init__.py first seen with mtime 1620034494.0
File C:\Python39\Lib\site-packages\django\core\checks\async_checks.py first seen with mtime 1622012636.5217595
File C:\Python39\Lib\site-packages\sqlparse\tokens.py first seen with mtime 1622012631.168595
File C:\Python39\Lib\site-packages\django\contrib\staticfiles\management\commands\runserver.py first seen with mtime 1622012636.5018148
File C:\Python39\Lib\asyncio\locks.py first seen with mtime 1620034494.0
File C:\Python39\Lib\site-packages\django\db\utils.py first seen with mtime 1622012636.6015449
File C:\Python39\Lib\site-packages\django\db\backends\__init__.py first seen with mtime 1622012636.6015449
File C:\Python39\Lib\site-packages\django\core\serializers\python.py first seen with mtime 1622012636.5945637
File C:\Python39\Lib\site-packages\pytz\tzfile.py first seen with mtime 1622012631.5950334
File C:\Python39\Lib\site-packages\django\urls\conf.py first seen with mtime 1622012636.8359492
File C:\Python39\Lib\typing.py first seen with mtime 1620034496.0
File C:\Python39\Lib\site-packages\sqlparse\engine\statement_splitter.py first seen with mtime 1622012631.1745453
File C:\Python39\Lib\site-packages\django\template\loaders\base.py first seen with mtime 1622012636.8160021
File C:\Python39\Lib\site-packages\django\contrib\staticfiles\handlers.py first seen with mtime 1622012636.4928372
File C:\Python39\Lib\importlib\util.py first seen with mtime 1620034494.0
File C:\Python39\Lib\site-packages\django\views\debug.py first seen with mtime 1622012636.893309
File C:\Python39\Lib\site-packages\django\db\backends\ddl_references.py first seen with mtime 1622012636.6025422
File C:\Python39\Lib\site-packages\django\db\models\sql\subqueries.py first seen with mtime 1622012636.7137556
File C:\Python39\Lib\email\contentmanager.py first seen with mtime 1620034494.0
File C:\Python39\Lib\site-packages\django\http\request.py first seen with mtime 1622012636.7825718
File C:\Python39\Lib\site-packages\django\contrib\auth\signals.py first seen with mtime 1622012634.0271943
File C:\Python39\Lib\site-packages\django\contrib\contenttypes\checks.py first seen with mtime 1622012634.390224
File C:\Python39\Lib\site-packages\django\contrib\staticfiles\management\__init__.py first seen with mtime 1622012636.4978225
File C:\Python39\Lib\site-packages\django\forms\fields.py first seen with mtime 1622012636.7207377
File C:\Python39\Lib\site-packages\django\contrib\auth\management\__init__.py first seen with mtime 1622012634.365291
File C:\Python39\Lib\site-packages\django\core\signals.py first seen with mtime 1622012636.5087929
File C:\Python39\Lib\posixpath.py first seen with mtime 1620034494.0
File C:\Python39\Lib\asyncio\coroutines.py first seen with mtime 1620034494.0
File C:\Python39\Lib\site-packages\django\contrib\admin\views\__init__.py first seen with mtime 1622012633.745944
File C:\Python39\Lib\site-packages\django\contrib\auth\tokens.py first seen with mtime 1622012634.02819
File C:\Python39\Lib\site-packages\sqlparse\sql.py first seen with mtime 1622012631.167564
File C:\Python39\Lib\email\_policybase.py first seen with mtime 1620034494.0
File C:\Python39\Lib\_sitebuiltins.py first seen with mtime 1620034494.0
File C:\Python39\Lib\urllib\response.py first seen with mtime 1620034496.0
File C:\Python39\Lib\site-packages\django\core\servers\__init__.py first seen with mtime 1622012636.5975564
File C:\Python39\Lib\locale.py first seen with mtime 1620034494.0
File C:\Python39\Lib\operator.py first seen with mtime 1620034494.0
File C:\Python39\Lib\site-packages\django\contrib\contenttypes\admin.py first seen with mtime 1622012634.3872328
File C:\Python39\Lib\unittest\loader.py first seen with mtime 1620034496.0
File C:\Python39\Lib\site-packages\django\contrib\sites\shortcuts.py first seen with mtime 1622012636.2119403
File C:\Python39\Lib\site-packages\django\db\backends\base\validation.py first seen with mtime 1622012636.613513
File C:\Python39\Lib\site-packages\django\db\backends\base\client.py first seen with mtime 1622012636.6075294
File C:\Python39\Lib\logging\handlers.py first seen with mtime 1620034494.0
File C:\Python39\Lib\site-packages\django\contrib\admin\sites.py first seen with mtime 1622012633.0641472
File C:\Python39\Lib\site-packages\django\utils\dateformat.py first seen with mtime 1622012636.8499117
File C:\Python39\Lib\site-packages\django\db\backends\sqlite3\features.py first seen with mtime 1622012636.6474226
File C:\Python39\Lib\email\base64mime.py first seen with mtime 1620034494.0
File C:\Python39\Lib\platform.py first seen with mtime 1620034494.0
File C:\Python39\Lib\site-packages\django\db\backends\utils.py first seen with mtime 1622012636.604537
File C:\Python39\Lib\site-packages\django\forms\boundfield.py first seen with mtime 1622012636.71974
File C:\Python39\Lib\site-packages\django\conf\locale\__init__.py first seen with mtime 1622012632.610846
File C:\Python39\Lib\site-packages\django\core\handlers\exception.py first seen with mtime 1622012636.5476887
File C:\Python39\Lib\reprlib.py first seen with mtime 1620034494.0
File C:\Python39\Lib\unittest\suite.py first seen with mtime 1620034496.0
File C:\Python39\Lib\site-packages\django\core\cache\__init__.py first seen with mtime 1622012636.5127823
File C:\Python39\Lib\struct.py first seen with mtime 1620034494.0
File C:\Python39\Lib\site-packages\django\db\backends\sqlite3\__init__.py first seen with mtime 1622012636.643433
File C:\Python39\Lib\urllib\error.py first seen with mtime 1620034496.0
File C:\Python39\Lib\site-packages\django\core\cache\backends\__init__.py first seen with mtime 1622012636.5137794
File C:\Python39\Lib\functools.py first seen with mtime 1620034494.0
File C:\Python39\Lib\site-packages\django\utils\formats.py first seen with mtime 1622012636.863876
File C:\Python39\Lib\site-packages\django\core\files\storage.py first seen with mtime 1622012636.5407085
File C:\Python39\Lib\site-packages\django\views\generic\detail.py first seen with mtime 1622012636.9062726
File C:\Python39\Lib\_markupbase.py first seen with mtime 1620034494.0
File C:\Python39\Lib\site-packages\django\utils\version.py first seen with mtime 1622012636.8843422
File C:\Python39\Lib\site-packages\django\utils\lorem_ipsum.py first seen with mtime 1622012636.8738482
File C:\Python39\Lib\site-packages\django\forms\utils.py first seen with mtime 1622012636.7297132
File C:\Python39\Lib\site-packages\django\core\handlers\__init__.py first seen with mtime 1622012636.5446973
File C:\Python39\Lib\site-packages\django\core\mail\__init__.py first seen with mtime 1622012636.5496871
File C:\Python39\Lib\asyncio\base_tasks.py first seen with mtime 1620034494.0
File C:\Python39\Lib\site-packages\django\contrib\auth\password_validation.py first seen with mtime 1622012634.0251992
File C:\Python39\Lib\numbers.py first seen with mtime 1620034494.0
File C:\Python39\Lib\site-packages\django\db\models\fields\files.py first seen with mtime 1622012636.6928122
File C:\Python39\DLLs\_overlapped.pyd first seen with mtime 1620034544.0
File C:\Python39\Lib\asyncio\subprocess.py first seen with mtime 1620034494.0
File C:\Python39\Lib\site-packages\django\db\models\sql\datastructures.py first seen with mtime 1622012636.7107637
File C:\Python39\Lib\http\server.py first seen with mtime 1620034494.0
File C:\Python39\Lib\concurrent\futures\_base.py first seen with mtime 1620034494.0
File C:\Python39\Lib\email\_encoded_words.py first seen with mtime 1620034494.0
File C:\Python39\Lib\asyncio\transports.py first seen with mtime 1620034494.0
File C:\Python39\Lib\site-packages\django\template\defaultfilters.py first seen with mtime 1622012636.799048
File C:\Python39\Lib\email\parser.py first seen with mtime 1620034494.0
File C:\Python39\Lib\site-packages\django\template\loader.py first seen with mtime 1622012636.8040352
File C:\Python39\Lib\site-packages\django\core\checks\model_checks.py first seen with mtime 1622012636.5277443
File C:\Python39\Lib\site-packages\django\urls\__init__.py first seen with mtime 1622012636.8339546
File C:\Python39\Lib\site-packages\django\core\serializers\base.py first seen with mtime 1622012636.5915716
File C:\Python39\Lib\site-packages\django\views\generic\base.py first seen with mtime 1622012636.905275
File C:\Python39\Lib\_weakrefset.py first seen with mtime 1620034494.0
File C:\Python39\Lib\site-packages\django\templatetags\l10n.py first seen with mtime 1622012636.8229842
File C:\Python39\Lib\site-packages\django\contrib\admin\templatetags\admin_urls.py first seen with mtime 1622012633.7429519
File C:\Python39\Lib\site-packages\django\contrib\auth\forms.py first seen with mtime 1622012634.0162213
File C:\Python39\Lib\site-packages\django\db\backends\base\base.py first seen with mtime 1622012636.6065319
File C:\Python39\Lib\nturl2path.py first seen with mtime 1620034494.0
File C:\Python39\Lib\glob.py first seen with mtime 1620034494.0
File C:\Python39\Lib\site-packages\django\conf\__init__.py first seen with mtime 1622012632.600873
File C:\Python39\Lib\site-packages\django\template\loader_tags.py first seen with mtime 1622012636.805032
File C:\Python39\Lib\asyncio\protocols.py first seen with mtime 1620034494.0
File C:\Python39\Lib\http\client.py first seen with mtime 1620034494.0
File C:\Python39\Lib\email\mime\multipart.py first seen with mtime 1620034494.0
File C:\Python39\Lib\uuid.py first seen with mtime 1620034496.0
File C:\Python39\Lib\site-packages\django\contrib\admin\decorators.py first seen with mtime 1622012633.053176
File C:\Python39\Lib\site-packages\django\contrib\messages\storage\__init__.py first seen with mtime 1622012635.499845
File C:\Python39\Lib\site-packages\django\core\cache\utils.py first seen with mtime 1622012636.5127823
File C:\Python39\Lib\site-packages\django\db\models\functions\text.py first seen with mtime 1622012636.7057774
File C:\Python39\Lib\urllib\__init__.py first seen with mtime 1620034496.0
File C:\Python39\Lib\html\parser.py first seen with mtime 1620034494.0
File C:\Python39\Lib\site-packages\django\contrib\admin\views\main.py first seen with mtime 1622012633.7489357
File C:\Python39\Lib\site-packages\django\contrib\admin\actions.py first seen with mtime 1622012633.0491853
File C:\Python39\Lib\email\mime\text.py first seen with mtime 1620034494.0
File C:\Python39\Lib\asyncio\__init__.py first seen with mtime 1620034494.0
File C:\Python39\Lib\site-packages\django\db\migrations\operations\__init__.py first seen with mtime 1622012636.6683667
File C:\Python39\Lib\site-packages\django\utils\autoreload.py first seen with mtime 1622012636.843928
File C:\Python39\Lib\email\_parseaddr.py first seen with mtime 1620034494.0
File C:\Python39\Lib\distutils\version.py first seen with mtime 1620034494.0
File C:\Python39\Lib\site-packages\django\core\mail\utils.py first seen with mtime 1622012636.5506814
File C:\Python39\Lib\importlib\abc.py first seen with mtime 1620034494.0
File C:\Python39\Lib\genericpath.py first seen with mtime 1620034494.0
File C:\Python39\Lib\socket.py first seen with mtime 1620034494.0
File C:\Python39\Lib\html\entities.py first seen with mtime 1620034494.0
File C:\Python39\Lib\threading.py first seen with mtime 1620034496.0
File C:\Python39\Lib\site-packages\django\contrib\contenttypes\fields.py first seen with mtime 1622012634.3912213
File C:\Python39\Lib\site-packages\django\contrib\staticfiles\apps.py first seen with mtime 1622012636.4908414
File C:\Python39\Lib\site-packages\django\template\backends\base.py first seen with mtime 1622012636.8100185
File C:\Python39\Lib\site-packages\django\db\models\fields\mixins.py first seen with mtime 1622012636.6948063
File C:\Python39\Lib\site-packages\django\views\static.py first seen with mtime 1622012636.8953013
File C:\Python39\Lib\decimal.py first seen with mtime 1620034494.0
File C:\Python39\Lib\site-packages\django\db\models\enums.py first seen with mtime 1622012636.6803343
File C:\Python39\Lib\site-packages\django\core\files\__init__.py first seen with mtime 1622012636.5357213
File C:\Python39\Lib\quopri.py first seen with mtime 1620034494.0
File C:\Python39\Lib\site-packages\django\db\models\functions\__init__.py first seen with mtime 1622012636.7007902
File C:\Python39\Lib\site-packages\django\utils\_os.py first seen with mtime 1622012636.8409357
File C:\Python39\Lib\site-packages\django\db\models\sql\where.py first seen with mtime 1622012636.7147577
File C:\Python39\Lib\site-packages\django\db\migrations\operations\models.py first seen with mtime 1622012636.6713622
File C:\Python39\Lib\site-packages\django\template\__init__.py first seen with mtime 1622012636.7940612
File C:\Python39\Lib\abc.py first seen with mtime 1620034494.0
File C:\Python39\Lib\mimetypes.py first seen with mtime 1620034494.0
File C:\Python39\Lib\email\mime\__init__.py first seen with mtime 1620034494.0
File C:\Python39\Lib\concurrent\futures\thread.py first seen with mtime 1620034494.0
File C:\Python39\Lib\random.py first seen with mtime 1620034494.0
File C:\Python39\Lib\site-packages\django\templatetags\__init__.py first seen with mtime 1622012636.8199925
File C:\Python39\Lib\site-packages\django\utils\html.py first seen with mtime 1622012636.866875
File C:\Python39\Lib\site-packages\django\db\models\manager.py first seen with mtime 1622012636.684833
File C:\Python39\Lib\site-packages\django\contrib\auth\apps.py first seen with mtime 1622012634.00924
File C:\Python39\Lib\site-packages\django\utils\topological_sort.py first seen with mtime 1622012636.881827
File C:\Python39\Lib\gzip.py first seen with mtime 1620034494.0
File C:\Python39\Lib\site-packages\django\contrib\messages\apps.py first seen with mtime 1622012635.494858
File C:\Python39\Lib\site-packages\django\template\smartif.py first seen with mtime 1622012636.8070266
File C:\Python39\Lib\site-packages\django\core\checks\registry.py first seen with mtime 1622012636.5287404
File C:\Python39\Lib\site-packages\django\utils\tree.py first seen with mtime 1622012636.8828251
File C:\Python39\Lib\site-packages\sqlparse\filters\output.py first seen with mtime 1622012631.178534
File C:\Python39\testEnv\hello_django\myhello\__init__.py first seen with mtime 1622076512.0048387
File C:\Python39\Lib\signal.py first seen with mtime 1620034494.0
File C:\Python39\Lib\encodings\utf_8.py first seen with mtime 1620034494.0
File C:\Python39\Lib\site-packages\django\core\checks\messages.py first seen with mtime 1622012636.5267448
File C:\Python39\Lib\site-packages\django\db\migrations\operations\utils.py first seen with mtime 1622012636.6733532
File C:\Python39\Lib\site-packages\django\http\cookie.py first seen with mtime 1622012636.7795796
File C:\Python39\Lib\sre_compile.py first seen with mtime 1620034494.0
File C:\Python39\Lib\site-packages\django\core\checks\security\__init__.py first seen with mtime 1622012636.5327294
File C:\Python39\Lib\site-packages\django\utils\dates.py first seen with mtime 1622012636.8509097
File C:\Python39\Lib\encodings\latin_1.py first seen with mtime 1620034494.0
File C:\Python39\Lib\site-packages\django\middleware\security.py first seen with mtime 1622012636.7930644
File C:\Python39\Lib\unittest\main.py first seen with mtime 1620034496.0
File C:\Python39\DLLs\_lzma.pyd first seen with mtime 1620034546.0
File C:\Python39\Lib\site-packages\django\db\models\functions\comparison.py first seen with mtime 1622012636.7017899
File C:\Python39\Lib\collections\__init__.py first seen with mtime 1620034494.0
File C:\Python39\Lib\site-packages\django\contrib\messages\api.py first seen with mtime 1622012635.4938612
File C:\Python39\testEnv\hello_django\myhello\models.py first seen with mtime 1622076511.945843
File C:\Python39\Lib\site-packages\django\db\migrations\state.py first seen with mtime 1622012636.6663718
File C:\Python39\Lib\site-packages\sqlparse\filters\right_margin.py first seen with mtime 1622012631.181526
File C:\Python39\Lib\site-packages\django\core\files\utils.py first seen with mtime 1622012636.5436995
File C:\Python39\Lib\site-packages\django\contrib\staticfiles\views.py first seen with mtime 1622012636.4978225
File C:\Python39\Lib\email\__init__.py first seen with mtime 1620034494.0
File C:\Python39\Lib\types.py first seen with mtime 1620034496.0
File C:\Python39\Lib\site-packages\django\template\utils.py first seen with mtime 1622012636.808024
File C:\Python39\Lib\site-packages\django\utils\termcolors.py first seen with mtime 1622012636.8778372
File C:\Python39\Lib\site-packages\django\db\backends\sqlite3\schema.py first seen with mtime 1622012636.650414
File C:\Python39\Lib\site-packages\sqlparse\engine\__init__.py first seen with mtime 1622012631.170555
File C:\Python39\Lib\getpass.py first seen with mtime 1620034494.0
File C:\Python39\Lib\asyncio\windows_utils.py first seen with mtime 1620034494.0
File C:\Python39\Lib\site-packages\django\contrib\admin\templatetags\__init__.py first seen with mtime 1622012633.7399602
File C:\Python39\Lib\asyncio\constants.py first seen with mtime 1620034494.0
File C:\Python39\Lib\site-packages\django\contrib\admin\__init__.py first seen with mtime 1622012633.0481877
File C:\Python39\Lib\copy.py first seen with mtime 1620034494.0
File C:\Python39\Lib\warnings.py first seen with mtime 1620034496.0
File C:\Python39\Lib\asyncio\queues.py first seen with mtime 1620034494.0
File C:\Python39\Lib\sre_parse.py first seen with mtime 1620034494.0
File C:\Python39\Lib\string.py first seen with mtime 1620034494.0
File C:\Python39\Lib\site-packages\pytz\tzinfo.py first seen with mtime 1622012631.596026
File C:\Python39\testEnv\hello_django\hello_django\urls.py first seen with mtime 1622076545.115417
File C:\Python39\Lib\site-packages\sqlparse\cli.py first seen with mtime 1622012631.1585994
File C:\Python39\Lib\site-packages\django\contrib\admin\helpers.py first seen with mtime 1622012633.0601563
File C:\Python39\Lib\site-packages\django\contrib\auth\validators.py first seen with mtime 1622012634.029188
File C:\Python39\Lib\site-packages\django\db\models\functions\datetime.py first seen with mtime 1622012636.7027848
File C:\Python39\Lib\site-packages\django\dispatch\__init__.py first seen with mtime 1622012636.7157502
File C:\Python39\Lib\site-packages\django\core\validators.py first seen with mtime 1622012636.510788
File C:\Python39\Lib\site-packages\django\core\management\color.py first seen with mtime 1622012636.5616527
File C:\Python39\Lib\site-packages\django\contrib\auth\middleware.py first seen with mtime 1622012634.0202115
File C:\Python39\Lib\html\__init__.py first seen with mtime 1620034494.0
File C:\Python39\Lib\email\header.py first seen with mtime 1620034494.0
File C:\Python39\Lib\site-packages\django\core\cache\backends\base.py first seen with mtime 1622012636.5147796
File C:\Python39\Lib\site-packages\django\contrib\auth\migrations\0007_alter_validators_add_error_messages.py first seen with mtime 1622012634.3752618
File C:\Python39\Lib\site-packages\django\contrib\auth\migrations\0012_alter_user_first_name_max_length.py first seen with mtime 1622012634.38025
File C:\Python39\Lib\encodings\idna.py first seen with mtime 1620034494.0
File C:\Python39\Lib\site-packages\django\contrib\auth\migrations\0001_initial.py first seen with mtime 1622012634.3682826
File C:\Python39\Lib\site-packages\django\contrib\auth\migrations\__init__.py first seen with mtime 1622012634.381248
File C:\Python39\Lib\site-packages\django\contrib\auth\migrations\0006_require_contenttypes_0002.py first seen with mtime 1622012634.3732672
File C:\Python39\Lib\site-packages\django\contrib\auth\migrations\0002_alter_permission_name_max_length.py first seen with mtime 1622012634.3692844
File C:\Python39\Lib\site-packages\django\contrib\auth\migrations\0005_alter_user_last_login_null.py first seen with mtime 1622012634.3722692
File C:\Python39\Lib\site-packages\django\db\migrations\loader.py first seen with mtime 1622012636.6603878
File C:\Python39\Lib\site-packages\django\contrib\sessions\backends\__init__.py first seen with mtime 1622012635.9556284
File C:\Python39\Lib\site-packages\django\db\migrations\executor.py first seen with mtime 1622012636.6573994
File C:\Python39\Lib\site-packages\django\core\cache\backends\locmem.py first seen with mtime 1622012636.5187664
File C:\Python39\Lib\site-packages\django\contrib\messages\middleware.py first seen with mtime 1622012635.4978495
File C:\Python39\Lib\site-packages\django\contrib\admin\migrations\0001_initial.py first seen with mtime 1622012633.5424907
File C:\Python39\Lib\site-packages\django\contrib\admin\migrations\__init__.py first seen with mtime 1622012633.5464768
File C:\Python39\Lib\site-packages\django\contrib\admin\migrations\0003_logentry_add_action_flag_choices.py first seen with mtime 1622012633.5454803
File C:\Python39\Lib\site-packages\django\contrib\sessions\backends\base.py first seen with mtime 1622012635.9566252
File C:\Python39\Lib\site-packages\django\contrib\admin\migrations\0002_logentry_remove_auto_add.py first seen with mtime 1622012633.5434878
File C:\Python39\Lib\site-packages\django\contrib\contenttypes\migrations\0001_initial.py first seen with mtime 1622012634.624108
File C:\Python39\Lib\site-packages\django\contrib\contenttypes\migrations\__init__.py first seen with mtime 1622012634.6261017
File C:\Python39\Lib\site-packages\django\contrib\auth\migrations\0004_alter_user_username_opts.py first seen with mtime 1622012634.3712716
File C:\Python39\Lib\site-packages\django\contrib\auth\migrations\0008_alter_user_username_max_length.py first seen with mtime 1622012634.3762605
File C:\Python39\Lib\site-packages\django\contrib\sessions\backends\db.py first seen with mtime 1622012635.959618
File C:\Python39\Lib\site-packages\django\contrib\auth\migrations\0011_update_proxy_permissions.py first seen with mtime 1622012634.379253
File C:\Python39\Lib\site-packages\django\contrib\auth\migrations\0009_alter_user_last_name_max_length.py first seen with mtime 1622012634.3772562
File C:\Python39\Lib\site-packages\django\contrib\auth\migrations\0010_alter_group_name_max_length.py first seen with mtime 1622012634.3782551
File C:\Python39\Lib\site-packages\django\contrib\contenttypes\migrations\0002_remove_content_type_name.py first seen with mtime 1622012634.6251042
File C:\Python39\Lib\site-packages\django\middleware\clickjacking.py first seen with mtime 1622012636.7860825
File C:\Python39\Lib\site-packages\django\db\migrations\graph.py first seen with mtime 1622012636.659391
File C:\Python39\Lib\site-packages\django\contrib\sessions\migrations\0001_initial.py first seen with mtime 1622012636.1939883
File C:\Python39\Lib\site-packages\django\contrib\sessions\migrations\__init__.py first seen with mtime 1622012636.1939883
File C:\Python39\testEnv\hello_django\hello_django\wsgi.py first seen with mtime 1622012716.0101805
File C:\Python39\Lib\stringprep.py first seen with mtime 1620034494.0
File C:\Python39\Lib\site-packages\django\middleware\common.py first seen with mtime 1622012636.7870808
File C:\Python39\Lib\site-packages\django\contrib\auth\migrations\0003_alter_user_email_max_length.py first seen with mtime 1622012634.3702774
File C:\Python39\testEnv\hello_django\myhello\migrations\__init__.py first seen with mtime 1622076512.010005
File C:\Python39\Lib\site-packages\django\contrib\sessions\exceptions.py first seen with mtime 1622012635.95064
File C:\Python39\Lib\site-packages\django\db\migrations\recorder.py first seen with mtime 1622012636.664378
Exception while resolving variable 'name' in template 'unknown'.
Traceback (most recent call last):
  File "C:\Python39\lib\site-packages\django\core\handlers\exception.py", line 47, in inner
    response = get_response(request)
  File "C:\Python39\lib\site-packages\django\core\handlers\base.py", line 167, in _get_response
    callback, callback_args, callback_kwargs = self.resolve_request(request)
  File "C:\Python39\lib\site-packages\django\core\handlers\base.py", line 290, in resolve_request
    resolver_match = resolver.resolve(request.path_info)
  File "C:\Python39\lib\site-packages\django\urls\resolvers.py", line 585, in resolve
    raise Resolver404({'tried': tried, 'path': new_path})
django.urls.exceptions.Resolver404: {'tried': [[<URLResolver <URLPattern list> (admin:admin) 'admin/'>], [<URLResolver <module 'myhello.urls' from 'C:\\Python39\\testEnv\\hello_django\\myhello\\urls.py'> (None:None) 'myhello/'>]], 'path': ''}

During handling of the above exception, another exception occurred:

Traceback (most recent call last):
  File "C:\Python39\lib\site-packages\django\template\base.py", line 829, in _resolve_lookup
    current = current[bit]
TypeError: 'URLResolver' object is not subscriptable

During handling of the above exception, another exception occurred:

Traceback (most recent call last):
  File "C:\Python39\lib\site-packages\django\template\base.py", line 837, in _resolve_lookup
    current = getattr(current, bit)
AttributeError: 'URLResolver' object has no attribute 'name'

During handling of the above exception, another exception occurred:

Traceback (most recent call last):
  File "C:\Python39\lib\site-packages\django\template\base.py", line 843, in _resolve_lookup
    current = current[int(bit)]
ValueError: invalid literal for int() with base 10: 'name'

During handling of the above exception, another exception occurred:

Traceback (most recent call last):
  File "C:\Python39\lib\site-packages\django\template\base.py", line 848, in _resolve_lookup
    raise VariableDoesNotExist("Failed lookup for key "
django.template.base.VariableDoesNotExist: Failed lookup for key [name] in <URLResolver <URLPattern list> (admin:admin) 'admin/'>
Exception while resolving variable 'name' in template 'unknown'.
Traceback (most recent call last):
  File "C:\Python39\lib\site-packages\django\core\handlers\exception.py", line 47, in inner
    response = get_response(request)
  File "C:\Python39\lib\site-packages\django\core\handlers\base.py", line 167, in _get_response
    callback, callback_args, callback_kwargs = self.resolve_request(request)
  File "C:\Python39\lib\site-packages\django\core\handlers\base.py", line 290, in resolve_request
    resolver_match = resolver.resolve(request.path_info)
  File "C:\Python39\lib\site-packages\django\urls\resolvers.py", line 585, in resolve
    raise Resolver404({'tried': tried, 'path': new_path})
django.urls.exceptions.Resolver404: {'tried': [[<URLResolver <URLPattern list> (admin:admin) 'admin/'>], [<URLResolver <module 'myhello.urls' from 'C:\\Python39\\testEnv\\hello_django\\myhello\\urls.py'> (None:None) 'myhello/'>]], 'path': ''}

During handling of the above exception, another exception occurred:

Traceback (most recent call last):
  File "C:\Python39\lib\site-packages\django\template\base.py", line 829, in _resolve_lookup
    current = current[bit]
TypeError: 'URLResolver' object is not subscriptable

During handling of the above exception, another exception occurred:

Traceback (most recent call last):
  File "C:\Python39\lib\site-packages\django\template\base.py", line 837, in _resolve_lookup
    current = getattr(current, bit)
AttributeError: 'URLResolver' object has no attribute 'name'

During handling of the above exception, another exception occurred:

Traceback (most recent call last):
  File "C:\Python39\lib\site-packages\django\template\base.py", line 843, in _resolve_lookup
    current = current[int(bit)]
ValueError: invalid literal for int() with base 10: 'name'

During handling of the above exception, another exception occurred:

Traceback (most recent call last):
  File "C:\Python39\lib\site-packages\django\template\base.py", line 848, in _resolve_lookup
    raise VariableDoesNotExist("Failed lookup for key "
django.template.base.VariableDoesNotExist: Failed lookup for key [name] in <URLResolver <module 'myhello.urls' from 'C:\\Python39\\testEnv\\hello_django\\myhello\\urls.py'> (None:None) 'myhello/'>
Not Found: /
"GET / HTTP/1.1" 404 2173
Exception while resolving variable 'name' in template 'unknown'.
Traceback (most recent call last):
  File "C:\Python39\lib\site-packages\django\core\handlers\exception.py", line 47, in inner
    response = get_response(request)
  File "C:\Python39\lib\site-packages\django\core\handlers\base.py", line 167, in _get_response
    callback, callback_args, callback_kwargs = self.resolve_request(request)
  File "C:\Python39\lib\site-packages\django\core\handlers\base.py", line 290, in resolve_request
    resolver_match = resolver.resolve(request.path_info)
  File "C:\Python39\lib\site-packages\django\urls\resolvers.py", line 585, in resolve
    raise Resolver404({'tried': tried, 'path': new_path})
django.urls.exceptions.Resolver404: {'tried': [[<URLResolver <URLPattern list> (admin:admin) 'admin/'>], [<URLResolver <module 'myhello.urls' from 'C:\\Python39\\testEnv\\hello_django\\myhello\\urls.py'> (None:None) 'myhello/'>]], 'path': 'favicon.ico'}

During handling of the above exception, another exception occurred:

Traceback (most recent call last):
  File "C:\Python39\lib\site-packages\django\template\base.py", line 829, in _resolve_lookup
    current = current[bit]
TypeError: 'URLResolver' object is not subscriptable

During handling of the above exception, another exception occurred:

Traceback (most recent call last):
  File "C:\Python39\lib\site-packages\django\template\base.py", line 837, in _resolve_lookup
    current = getattr(current, bit)
AttributeError: 'URLResolver' object has no attribute 'name'

During handling of the above exception, another exception occurred:

Traceback (most recent call last):
  File "C:\Python39\lib\site-packages\django\template\base.py", line 843, in _resolve_lookup
    current = current[int(bit)]
ValueError: invalid literal for int() with base 10: 'name'

During handling of the above exception, another exception occurred:

Traceback (most recent call last):
  File "C:\Python39\lib\site-packages\django\template\base.py", line 848, in _resolve_lookup
    raise VariableDoesNotExist("Failed lookup for key "
django.template.base.VariableDoesNotExist: Failed lookup for key [name] in <URLResolver <URLPattern list> (admin:admin) 'admin/'>
Exception while resolving variable 'name' in template 'unknown'.
Traceback (most recent call last):
  File "C:\Python39\lib\site-packages\django\core\handlers\exception.py", line 47, in inner
    response = get_response(request)
  File "C:\Python39\lib\site-packages\django\core\handlers\base.py", line 167, in _get_response
    callback, callback_args, callback_kwargs = self.resolve_request(request)
  File "C:\Python39\lib\site-packages\django\core\handlers\base.py", line 290, in resolve_request
    resolver_match = resolver.resolve(request.path_info)
  File "C:\Python39\lib\site-packages\django\urls\resolvers.py", line 585, in resolve
    raise Resolver404({'tried': tried, 'path': new_path})
django.urls.exceptions.Resolver404: {'tried': [[<URLResolver <URLPattern list> (admin:admin) 'admin/'>], [<URLResolver <module 'myhello.urls' from 'C:\\Python39\\testEnv\\hello_django\\myhello\\urls.py'> (None:None) 'myhello/'>]], 'path': 'favicon.ico'}

During handling of the above exception, another exception occurred:

Traceback (most recent call last):
  File "C:\Python39\lib\site-packages\django\template\base.py", line 829, in _resolve_lookup
    current = current[bit]
TypeError: 'URLResolver' object is not subscriptable

During handling of the above exception, another exception occurred:

Traceback (most recent call last):
  File "C:\Python39\lib\site-packages\django\template\base.py", line 837, in _resolve_lookup
    current = getattr(current, bit)
AttributeError: 'URLResolver' object has no attribute 'name'

During handling of the above exception, another exception occurred:

Traceback (most recent call last):
  File "C:\Python39\lib\site-packages\django\template\base.py", line 843, in _resolve_lookup
    current = current[int(bit)]
ValueError: invalid literal for int() with base 10: 'name'

During handling of the above exception, another exception occurred:

Traceback (most recent call last):
  File "C:\Python39\lib\site-packages\django\template\base.py", line 848, in _resolve_lookup
    raise VariableDoesNotExist("Failed lookup for key "
django.template.base.VariableDoesNotExist: Failed lookup for key [name] in <URLResolver <module 'myhello.urls' from 'C:\\Python39\\testEnv\\hello_django\\myhello\\urls.py'> (None:None) 'myhello/'>
Not Found: /favicon.ico
"GET /favicon.ico HTTP/1.1" 404 2224
File C:\Python39\Lib\site-packages\django\contrib\messages\storage\session.py first seen with mtime 1622012635.5048366
File C:\Python39\Lib\site-packages\django\contrib\messages\storage\base.py first seen with mtime 1622012635.5018392
File C:\Python39\Lib\site-packages\django\contrib\messages\storage\fallback.py first seen with mtime 1622012635.5038362
File C:\Python39\Lib\site-packages\django\contrib\sessions\serializers.py first seen with mtime 1622012635.9536319
File C:\Python39\Lib\site-packages\django\contrib\messages\utils.py first seen with mtime 1622012635.498847
File C:\Python39\Lib\site-packages\django\contrib\messages\storage\cookie.py first seen with mtime 1622012635.5028362
"GET /myhello HTTP/1.1" 301 0
"GET /myhello/ HTTP/1.1" 200 9
